<?xml version="1.0" encoding="UTF-8"?>
<coverage generated="1748028372203" clover="3.2.0">
  <project timestamp="1748028372203" name="All files">
    <metrics statements="9" coveredstatements="0" conditionals="0" coveredconditionals="0" methods="1" coveredmethods="0" elements="10" coveredelements="0" complexity="0" loc="9" ncloc="9" packages="2" files="3" classes="3"/>
    <package name="convex">
      <metrics statements="3" coveredstatements="0" conditionals="0" coveredconditionals="0" methods="0" coveredmethods="0"/>
      <file name="schema.ts" path="C:\Users\DELL\Desktop\CAPSTONE\Taxi-Tap\platform\convex\schema.ts">
        <metrics statements="3" coveredstatements="0" conditionals="0" coveredconditionals="0" methods="0" coveredmethods="0"/>
        <line num="1" count="0" type="stmt"/>
        <line num="2" count="0" type="stmt"/>
        <line num="4" count="0" type="stmt"/>
      </file>
    </package>
    <package name="convex.functions.users">
      <metrics statements="6" coveredstatements="0" conditionals="0" coveredconditionals="0" methods="1" coveredmethods="0"/>
      <file name="addUser.ts" path="C:\Users\DELL\Desktop\CAPSTONE\Taxi-Tap\platform\convex\functions\users\addUser.ts">
        <metrics statements="4" coveredstatements="0" conditionals="0" coveredconditionals="0" methods="0" coveredmethods="0"/>
        <line num="2" count="0" type="stmt"/>
        <line num="3" count="0" type="stmt"/>
        <line num="4" count="0" type="stmt"/>
        <line num="6" count="0" type="stmt"/>
      </file>
      <file name="addUserHandler.ts" path="C:\Users\DELL\Desktop\CAPSTONE\Taxi-Tap\platform\convex\functions\users\addUserHandler.ts">
        <metrics statements="2" coveredstatements="0" conditionals="0" coveredconditionals="0" methods="1" coveredmethods="0"/>
        <line num="2" count="0" type="stmt"/>
        <line num="7" count="0" type="stmt"/>
      </file>
    </package>
  </project>
</coverage>
