{"C:\\Users\\DELL\\Desktop\\CAPSTONE\\Taxi-Tap\\platform\\convex\\schema.ts": {"path":"C:\\Users\\DELL\\Desktop\\CAPSTONE\\Taxi-Tap\\platform\\convex\\schema.ts","statementMap":{"0":{"start":{"line":1,"column":0},"end":{"line":1,"column":58}},"1":{"start":{"line":2,"column":0},"end":{"line":2,"column":34}},"2":{"start":{"line":4,"column":0},"end":{"line":22,"column":3}}},"fnMap":{},"branchMap":{},"s":{"0":0,"1":0,"2":0},"f":{},"b":{}}
,"C:\\Users\\DELL\\Desktop\\CAPSTONE\\Taxi-Tap\\platform\\convex\\functions\\users\\addUser.ts": {"path":"C:\\Users\\DELL\\Desktop\\CAPSTONE\\Taxi-Tap\\platform\\convex\\functions\\users\\addUser.ts","statementMap":{"0":{"start":{"line":2,"column":0},"end":{"line":2,"column":51}},"1":{"start":{"line":3,"column":0},"end":{"line":3,"column":34}},"2":{"start":{"line":4,"column":0},"end":{"line":4,"column":57}},"3":{"start":{"line":6,"column":13},"end":{"line":13,"column":3}}},"fnMap":{},"branchMap":{},"s":{"0":0,"1":0,"2":0,"3":0},"f":{},"b":{}}
,"C:\\Users\\DELL\\Desktop\\CAPSTONE\\Taxi-Tap\\platform\\convex\\functions\\users\\addUserHandler.ts": {"path":"C:\\Users\\DELL\\Desktop\\CAPSTONE\\Taxi-Tap\\platform\\convex\\functions\\users\\addUserHandler.ts","statementMap":{"0":{"start":{"line":2,"column":0},"end":{"line":2,"column":7}},"1":{"start":{"line":7,"column":2},"end":{"line":11,"column":5}}},"fnMap":{"0":{"name":"addUserHandler","decl":{"start":{"line":2,"column":22},"end":{"line":2,"column":36}},"loc":{"start":{"line":6,"column":1},"end":{"line":12,"column":1}}}},"branchMap":{},"s":{"0":0,"1":0},"f":{"0":0},"b":{}}
}
