{"C:\\Users\\rsnev\\Desktop\\CAPSTONE\\TaxiTapNEW\\platform\\convex\\_generated\\api.js": {"path":"C:\\Users\\rsnev\\Desktop\\CAPSTONE\\TaxiTapNEW\\platform\\convex\\_generated\\api.js","statementMap":{"0":{"start":{"line":21,"column":19},"end":{"line":21,"column":25}},"1":{"start":{"line":22,"column":24},"end":{"line":22,"column":30}}},"fnMap":{},"branchMap":{},"s":{"0":3,"1":3},"f":{},"b":{},"_coverageSchema":"1a1c01bbd47fc00a2c39e90264f33305004495a9","hash":"c7bb7e3c094cfbf9ca25dfe494acad5c70db9a06"}
,"C:\\Users\\rsnev\\Desktop\\CAPSTONE\\TaxiTapNEW\\platform\\convex\\_generated\\server.js": {"path":"C:\\Users\\rsnev\\Desktop\\CAPSTONE\\TaxiTapNEW\\platform\\convex\\_generated\\server.js","statementMap":{"0":{"start":{"line":29,"column":21},"end":{"line":29,"column":33}},"1":{"start":{"line":39,"column":29},"end":{"line":39,"column":49}},"2":{"start":{"line":49,"column":24},"end":{"line":49,"column":39}},"3":{"start":{"line":59,"column":32},"end":{"line":59,"column":55}},"4":{"start":{"line":72,"column":22},"end":{"line":72,"column":35}},"5":{"start":{"line":80,"column":30},"end":{"line":80,"column":51}},"6":{"start":{"line":89,"column":26},"end":{"line":89,"column":43}}},"fnMap":{},"branchMap":{},"s":{"0":22,"1":22,"2":22,"3":22,"4":22,"5":22,"6":22},"f":{},"b":{},"_coverageSchema":"1a1c01bbd47fc00a2c39e90264f33305004495a9","hash":"f9d4c15623c1ce3214ddce2414dd904da0b82413"}
,"C:\\Users\\rsnev\\Desktop\\CAPSTONE\\TaxiTapNEW\\platform\\convex\\functions\\badges\\badgeService.ts": {"path":"C:\\Users\\rsnev\\Desktop\\CAPSTONE\\TaxiTapNEW\\platform\\convex\\functions\\badges\\badgeService.ts","statementMap":{"0":{"start":{"line":19,"column":60},"end":{"line":55,"column":1}},"1":{"start":{"line":65,"column":16},"end":{"line":69,"column":14}},"2":{"start":{"line":67,"column":38},"end":{"line":67,"column":65}},"3":{"start":{"line":68,"column":19},"end":{"line":68,"column":55}},"4":{"start":{"line":71,"column":2},"end":{"line":78,"column":3}},"5":{"start":{"line":72,"column":4},"end":{"line":77,"column":6}},"6":{"start":{"line":81,"column":20},"end":{"line":81,"column":71}},"7":{"start":{"line":81,"column":41},"end":{"line":81,"column":63}},"8":{"start":{"line":82,"column":22},"end":{"line":82,"column":54}},"9":{"start":{"line":84,"column":2},"end":{"line":89,"column":4}},"10":{"start":{"line":108,"column":17},"end":{"line":112,"column":14}},"11":{"start":{"line":110,"column":36},"end":{"line":110,"column":58}},"12":{"start":{"line":111,"column":19},"end":{"line":111,"column":50}},"13":{"start":{"line":114,"column":2},"end":{"line":119,"column":6}},"14":{"start":{"line":114,"column":30},"end":{"line":119,"column":3}},"15":{"start":{"line":132,"column":24},"end":{"line":137,"column":12}},"16":{"start":{"line":135,"column":6},"end":{"line":135,"column":55}},"17":{"start":{"line":139,"column":2},"end":{"line":155,"column":3}},"18":{"start":{"line":141,"column":4},"end":{"line":145,"column":7}},"19":{"start":{"line":148,"column":4},"end":{"line":154,"column":7}},"20":{"start":{"line":165,"column":22},"end":{"line":165,"column":69}},"21":{"start":{"line":167,"column":2},"end":{"line":173,"column":3}},"22":{"start":{"line":168,"column":4},"end":{"line":171,"column":7}},"23":{"start":{"line":172,"column":4},"end":{"line":172,"column":16}},"24":{"start":{"line":175,"column":2},"end":{"line":175,"column":15}},"25":{"start":{"line":182,"column":2},"end":{"line":182,"column":46}},"26":{"start":{"line":192,"column":16},"end":{"line":195,"column":14}},"27":{"start":{"line":194,"column":49},"end":{"line":194,"column":73}},"28":{"start":{"line":197,"column":2},"end":{"line":197,"column":61}},"29":{"start":{"line":197,"column":39},"end":{"line":197,"column":56}},"30":{"start":{"line":208,"column":18},"end":{"line":216,"column":14}},"31":{"start":{"line":211,"column":6},"end":{"line":214,"column":7}},"32":{"start":{"line":219,"column":25},"end":{"line":227,"column":3}},"33":{"start":{"line":221,"column":28},"end":{"line":221,"column":73}},"34":{"start":{"line":222,"column":6},"end":{"line":225,"column":8}},"35":{"start":{"line":230,"column":2},"end":{"line":232,"column":21}},"36":{"start":{"line":231,"column":20},"end":{"line":231,"column":53}},"37":{"start":{"line":242,"column":21},"end":{"line":242,"column":49}},"38":{"start":{"line":243,"column":23},"end":{"line":243,"column":64}},"39":{"start":{"line":246,"column":20},"end":{"line":248,"column":3}},"40":{"start":{"line":247,"column":4},"end":{"line":247,"column":58}},"41":{"start":{"line":250,"column":2},"end":{"line":255,"column":4}},"42":{"start":{"line":265,"column":22},"end":{"line":265,"column":66}},"43":{"start":{"line":267,"column":2},"end":{"line":273,"column":3}},"44":{"start":{"line":268,"column":26},"end":{"line":268,"column":67}},"45":{"start":{"line":269,"column":4},"end":{"line":271,"column":7}},"46":{"start":{"line":272,"column":4},"end":{"line":272,"column":16}},"47":{"start":{"line":275,"column":2},"end":{"line":275,"column":15}},"48":{"start":{"line":286,"column":21},"end":{"line":286,"column":49}},"49":{"start":{"line":287,"column":23},"end":{"line":287,"column":64}},"50":{"start":{"line":287,"column":48},"end":{"line":287,"column":63}},"51":{"start":{"line":290,"column":21},"end":{"line":298,"column":14}},"52":{"start":{"line":293,"column":6},"end":{"line":296,"column":7}},"53":{"start":{"line":301,"column":2},"end":{"line":341,"column":3}},"54":{"start":{"line":302,"column":24},"end":{"line":302,"column":57}},"55":{"start":{"line":305,"column":26},"end":{"line":310,"column":14}},"56":{"start":{"line":308,"column":8},"end":{"line":308,"column":64}},"57":{"start":{"line":312,"column":4},"end":{"line":340,"column":5}},"58":{"start":{"line":314,"column":6},"end":{"line":332,"column":7}},"59":{"start":{"line":315,"column":8},"end":{"line":321,"column":11}},"60":{"start":{"line":319,"column":48},"end":{"line":319,"column":73}},"61":{"start":{"line":323,"column":8},"end":{"line":331,"column":11}},"62":{"start":{"line":329,"column":48},"end":{"line":329,"column":73}},"63":{"start":{"line":335,"column":6},"end":{"line":339,"column":7}},"64":{"start":{"line":336,"column":8},"end":{"line":338,"column":11}},"65":{"start":{"line":352,"column":16},"end":{"line":356,"column":14}},"66":{"start":{"line":354,"column":35},"end":{"line":354,"column":59}},"67":{"start":{"line":355,"column":19},"end":{"line":355,"column":55}},"68":{"start":{"line":358,"column":2},"end":{"line":363,"column":4}},"69":{"start":{"line":373,"column":22},"end":{"line":373,"column":71}},"70":{"start":{"line":375,"column":2},"end":{"line":380,"column":3}},"71":{"start":{"line":376,"column":4},"end":{"line":378,"column":7}},"72":{"start":{"line":379,"column":4},"end":{"line":379,"column":16}},"73":{"start":{"line":382,"column":2},"end":{"line":382,"column":15}}},"fnMap":{"0":{"name":"checkTrustedPayerEligibility","decl":{"start":{"line":60,"column":22},"end":{"line":60,"column":50}},"loc":{"start":{"line":63,"column":29},"end":{"line":90,"column":1}},"line":63},"1":{"name":"(anonymous_1)","decl":{"start":{"line":67,"column":31},"end":{"line":67,"column":32}},"loc":{"start":{"line":67,"column":38},"end":{"line":67,"column":65}},"line":67},"2":{"name":"(anonymous_2)","decl":{"start":{"line":68,"column":12},"end":{"line":68,"column":13}},"loc":{"start":{"line":68,"column":19},"end":{"line":68,"column":55}},"line":68},"3":{"name":"(anonymous_3)","decl":{"start":{"line":81,"column":33},"end":{"line":81,"column":34}},"loc":{"start":{"line":81,"column":41},"end":{"line":81,"column":63}},"line":81},"4":{"name":"getUserBadges","decl":{"start":{"line":95,"column":22},"end":{"line":95,"column":35}},"loc":{"start":{"line":107,"column":4},"end":{"line":120,"column":1}},"line":107},"5":{"name":"(anonymous_5)","decl":{"start":{"line":110,"column":29},"end":{"line":110,"column":30}},"loc":{"start":{"line":110,"column":36},"end":{"line":110,"column":58}},"line":110},"6":{"name":"(anonymous_6)","decl":{"start":{"line":111,"column":12},"end":{"line":111,"column":13}},"loc":{"start":{"line":111,"column":19},"end":{"line":111,"column":50}},"line":111},"7":{"name":"(anonymous_7)","decl":{"start":{"line":114,"column":20},"end":{"line":114,"column":21}},"loc":{"start":{"line":114,"column":30},"end":{"line":119,"column":3}},"line":114},"8":{"name":"awardBadge","decl":{"start":{"line":125,"column":22},"end":{"line":125,"column":32}},"loc":{"start":{"line":130,"column":17},"end":{"line":156,"column":1}},"line":130},"9":{"name":"(anonymous_9)","decl":{"start":{"line":134,"column":35},"end":{"line":134,"column":36}},"loc":{"start":{"line":135,"column":6},"end":{"line":135,"column":55}},"line":135},"10":{"name":"checkAndAwardTrustedPayerBadge","decl":{"start":{"line":161,"column":22},"end":{"line":161,"column":52}},"loc":{"start":{"line":164,"column":20},"end":{"line":176,"column":1}},"line":164},"11":{"name":"getBadgeInfo","decl":{"start":{"line":181,"column":16},"end":{"line":181,"column":28}},"loc":{"start":{"line":181,"column":66},"end":{"line":183,"column":1}},"line":181},"12":{"name":"getDriverTotalEarnings","decl":{"start":{"line":188,"column":22},"end":{"line":188,"column":44}},"loc":{"start":{"line":191,"column":19},"end":{"line":198,"column":1}},"line":191},"13":{"name":"(anonymous_13)","decl":{"start":{"line":194,"column":42},"end":{"line":194,"column":43}},"loc":{"start":{"line":194,"column":49},"end":{"line":194,"column":73}},"line":194},"14":{"name":"(anonymous_14)","decl":{"start":{"line":197,"column":22},"end":{"line":197,"column":23}},"loc":{"start":{"line":197,"column":39},"end":{"line":197,"column":56}},"line":197},"15":{"name":"getTopEarners","decl":{"start":{"line":203,"column":22},"end":{"line":203,"column":35}},"loc":{"start":{"line":206,"column":76},"end":{"line":233,"column":1}},"line":206},"16":{"name":"(anonymous_16)","decl":{"start":{"line":210,"column":12},"end":{"line":210,"column":13}},"loc":{"start":{"line":211,"column":6},"end":{"line":214,"column":7}},"line":211},"17":{"name":"(anonymous_17)","decl":{"start":{"line":220,"column":16},"end":{"line":220,"column":17}},"loc":{"start":{"line":220,"column":34},"end":{"line":226,"column":5}},"line":220},"18":{"name":"(anonymous_18)","decl":{"start":{"line":231,"column":10},"end":{"line":231,"column":11}},"loc":{"start":{"line":231,"column":20},"end":{"line":231,"column":53}},"line":231},"19":{"name":"checkTopEarnerEligibility","decl":{"start":{"line":238,"column":22},"end":{"line":238,"column":47}},"loc":{"start":{"line":241,"column":29},"end":{"line":256,"column":1}},"line":241},"20":{"name":"(anonymous_20)","decl":{"start":{"line":246,"column":36},"end":{"line":246,"column":37}},"loc":{"start":{"line":247,"column":4},"end":{"line":247,"column":58}},"line":247},"21":{"name":"checkAndAwardTopEarnerBadge","decl":{"start":{"line":261,"column":22},"end":{"line":261,"column":49}},"loc":{"start":{"line":264,"column":20},"end":{"line":276,"column":1}},"line":264},"22":{"name":"updateTopEarnerBadges","decl":{"start":{"line":282,"column":22},"end":{"line":282,"column":43}},"loc":{"start":{"line":284,"column":17},"end":{"line":342,"column":1}},"line":284},"23":{"name":"(anonymous_23)","decl":{"start":{"line":287,"column":38},"end":{"line":287,"column":39}},"loc":{"start":{"line":287,"column":48},"end":{"line":287,"column":63}},"line":287},"24":{"name":"(anonymous_24)","decl":{"start":{"line":292,"column":12},"end":{"line":292,"column":13}},"loc":{"start":{"line":293,"column":6},"end":{"line":296,"column":7}},"line":293},"25":{"name":"(anonymous_25)","decl":{"start":{"line":307,"column":37},"end":{"line":307,"column":38}},"loc":{"start":{"line":308,"column":8},"end":{"line":308,"column":64}},"line":308},"26":{"name":"(anonymous_26)","decl":{"start":{"line":319,"column":43},"end":{"line":319,"column":44}},"loc":{"start":{"line":319,"column":48},"end":{"line":319,"column":73}},"line":319},"27":{"name":"(anonymous_27)","decl":{"start":{"line":329,"column":43},"end":{"line":329,"column":44}},"loc":{"start":{"line":329,"column":48},"end":{"line":329,"column":73}},"line":329},"28":{"name":"checkMarathonDriverEligibility","decl":{"start":{"line":347,"column":22},"end":{"line":347,"column":52}},"loc":{"start":{"line":350,"column":29},"end":{"line":364,"column":1}},"line":350},"29":{"name":"(anonymous_29)","decl":{"start":{"line":354,"column":28},"end":{"line":354,"column":29}},"loc":{"start":{"line":354,"column":35},"end":{"line":354,"column":59}},"line":354},"30":{"name":"(anonymous_30)","decl":{"start":{"line":355,"column":12},"end":{"line":355,"column":13}},"loc":{"start":{"line":355,"column":19},"end":{"line":355,"column":55}},"line":355},"31":{"name":"checkAndAwardMarathonDriverBadge","decl":{"start":{"line":369,"column":22},"end":{"line":369,"column":54}},"loc":{"start":{"line":372,"column":20},"end":{"line":383,"column":1}},"line":372}},"branchMap":{"0":{"loc":{"start":{"line":71,"column":2},"end":{"line":78,"column":3}},"type":"if","locations":[{"start":{"line":71,"column":2},"end":{"line":78,"column":3}},{"start":{},"end":{}}],"line":71},"1":{"loc":{"start":{"line":85,"column":16},"end":{"line":85,"column":56}},"type":"binary-expr","locations":[{"start":{"line":85,"column":16},"end":{"line":85,"column":33}},{"start":{"line":85,"column":37},"end":{"line":85,"column":56}}],"line":85},"2":{"loc":{"start":{"line":139,"column":2},"end":{"line":155,"column":3}},"type":"if","locations":[{"start":{"line":139,"column":2},"end":{"line":155,"column":3}},{"start":{"line":146,"column":9},"end":{"line":155,"column":3}}],"line":139},"3":{"loc":{"start":{"line":167,"column":2},"end":{"line":173,"column":3}},"type":"if","locations":[{"start":{"line":167,"column":2},"end":{"line":173,"column":3}},{"start":{},"end":{}}],"line":167},"4":{"loc":{"start":{"line":182,"column":9},"end":{"line":182,"column":45}},"type":"binary-expr","locations":[{"start":{"line":182,"column":9},"end":{"line":182,"column":37}},{"start":{"line":182,"column":41},"end":{"line":182,"column":45}}],"line":182},"5":{"loc":{"start":{"line":205,"column":2},"end":{"line":205,"column":20}},"type":"default-arg","locations":[{"start":{"line":205,"column":18},"end":{"line":205,"column":20}}],"line":205},"6":{"loc":{"start":{"line":247,"column":4},"end":{"line":247,"column":58}},"type":"binary-expr","locations":[{"start":{"line":247,"column":4},"end":{"line":247,"column":30}},{"start":{"line":247,"column":34},"end":{"line":247,"column":58}}],"line":247},"7":{"loc":{"start":{"line":267,"column":2},"end":{"line":273,"column":3}},"type":"if","locations":[{"start":{"line":267,"column":2},"end":{"line":273,"column":3}},{"start":{},"end":{}}],"line":267},"8":{"loc":{"start":{"line":312,"column":4},"end":{"line":340,"column":5}},"type":"if","locations":[{"start":{"line":312,"column":4},"end":{"line":340,"column":5}},{"start":{"line":333,"column":11},"end":{"line":340,"column":5}}],"line":312},"9":{"loc":{"start":{"line":314,"column":6},"end":{"line":332,"column":7}},"type":"if","locations":[{"start":{"line":314,"column":6},"end":{"line":332,"column":7}},{"start":{"line":322,"column":13},"end":{"line":332,"column":7}}],"line":314},"10":{"loc":{"start":{"line":319,"column":27},"end":{"line":319,"column":94}},"type":"binary-expr","locations":[{"start":{"line":319,"column":27},"end":{"line":319,"column":89}},{"start":{"line":319,"column":93},"end":{"line":319,"column":94}}],"line":319},"11":{"loc":{"start":{"line":329,"column":27},"end":{"line":329,"column":94}},"type":"binary-expr","locations":[{"start":{"line":329,"column":27},"end":{"line":329,"column":89}},{"start":{"line":329,"column":93},"end":{"line":329,"column":94}}],"line":329},"12":{"loc":{"start":{"line":335,"column":6},"end":{"line":339,"column":7}},"type":"if","locations":[{"start":{"line":335,"column":6},"end":{"line":339,"column":7}},{"start":{},"end":{}}],"line":335},"13":{"loc":{"start":{"line":375,"column":2},"end":{"line":380,"column":3}},"type":"if","locations":[{"start":{"line":375,"column":2},"end":{"line":380,"column":3}},{"start":{},"end":{}}],"line":375}},"s":{"0":16,"1":16,"2":0,"3":0,"4":14,"5":3,"6":11,"7":131,"8":11,"9":11,"10":11,"11":0,"12":0,"13":10,"14":7,"15":17,"16":0,"17":17,"18":4,"19":13,"20":7,"21":6,"22":4,"23":3,"24":2,"25":9,"26":58,"27":0,"28":57,"29":215,"30":18,"31":0,"32":16,"33":36,"34":36,"35":16,"36":30,"37":10,"38":9,"39":9,"40":10,"41":9,"42":7,"43":6,"44":5,"45":5,"46":4,"47":1,"48":0,"49":0,"50":0,"51":0,"52":0,"53":0,"54":0,"55":0,"56":0,"57":0,"58":0,"59":0,"60":0,"61":0,"62":0,"63":0,"64":0,"65":22,"66":0,"67":0,"68":20,"69":13,"70":12,"71":6,"72":5,"73":6},"f":{"0":16,"1":0,"2":0,"3":131,"4":11,"5":0,"6":0,"7":7,"8":17,"9":0,"10":7,"11":9,"12":58,"13":0,"14":215,"15":18,"16":0,"17":36,"18":30,"19":10,"20":10,"21":7,"22":0,"23":0,"24":0,"25":0,"26":0,"27":0,"28":22,"29":0,"30":0,"31":13},"b":{"0":[3,11],"1":[11,11],"2":[4,13],"3":[4,2],"4":[9,4],"5":[8],"6":[10,7],"7":[5,1],"8":[0,0],"9":[0,0],"10":[0,0],"11":[0,0],"12":[0,0],"13":[6,6]},"_coverageSchema":"1a1c01bbd47fc00a2c39e90264f33305004495a9","hash":"1e140e22113204894ee0c3a4c55b24797f81dac7"}
,"C:\\Users\\rsnev\\Desktop\\CAPSTONE\\TaxiTapNEW\\platform\\convex\\functions\\earnings\\earnings.ts": {"path":"C:\\Users\\rsnev\\Desktop\\CAPSTONE\\TaxiTapNEW\\platform\\convex\\functions\\earnings\\earnings.ts","statementMap":{"0":{"start":{"line":5,"column":23},"end":{"line":5,"column":42}},"1":{"start":{"line":8,"column":13},"end":{"line":8,"column":24}},"2":{"start":{"line":9,"column":14},"end":{"line":9,"column":25}},"3":{"start":{"line":10,"column":15},"end":{"line":10,"column":56}},"4":{"start":{"line":11,"column":2},"end":{"line":11,"column":19}},"5":{"start":{"line":12,"column":2},"end":{"line":12,"column":26}},"6":{"start":{"line":13,"column":2},"end":{"line":13,"column":12}},"7":{"start":{"line":17,"column":14},"end":{"line":17,"column":24}},"8":{"start":{"line":18,"column":2},"end":{"line":18,"column":27}},"9":{"start":{"line":19,"column":2},"end":{"line":19,"column":23}},"10":{"start":{"line":22,"column":31},"end":{"line":91,"column":1}},"11":{"start":{"line":23,"column":25},"end":{"line":23,"column":29}},"12":{"start":{"line":24,"column":16},"end":{"line":24,"column":26}},"13":{"start":{"line":25,"column":25},"end":{"line":25,"column":27}},"14":{"start":{"line":27,"column":29},"end":{"line":27,"column":65}},"15":{"start":{"line":28,"column":23},"end":{"line":28,"column":37}},"16":{"start":{"line":29,"column":21},"end":{"line":29,"column":48}},"17":{"start":{"line":31,"column":4},"end":{"line":88,"column":5}},"18":{"start":{"line":31,"column":17},"end":{"line":31,"column":18}},"19":{"start":{"line":32,"column":19},"end":{"line":32,"column":60}},"20":{"start":{"line":33,"column":17},"end":{"line":33,"column":42}},"21":{"start":{"line":35,"column":20},"end":{"line":40,"column":18}},"22":{"start":{"line":38,"column":10},"end":{"line":38,"column":78}},"23":{"start":{"line":42,"column":23},"end":{"line":47,"column":18}},"24":{"start":{"line":45,"column":10},"end":{"line":45,"column":78}},"25":{"start":{"line":49,"column":26},"end":{"line":54,"column":11}},"26":{"start":{"line":50,"column":8},"end":{"line":50,"column":80}},"27":{"start":{"line":50,"column":69},"end":{"line":50,"column":80}},"28":{"start":{"line":51,"column":25},"end":{"line":51,"column":81}},"29":{"start":{"line":52,"column":8},"end":{"line":52,"column":38}},"30":{"start":{"line":52,"column":27},"end":{"line":52,"column":38}},"31":{"start":{"line":53,"column":8},"end":{"line":53,"column":30}},"32":{"start":{"line":56,"column":23},"end":{"line":56,"column":80}},"33":{"start":{"line":56,"column":61},"end":{"line":56,"column":76}},"34":{"start":{"line":57,"column":27},"end":{"line":57,"column":73}},"35":{"start":{"line":57,"column":52},"end":{"line":57,"column":65}},"36":{"start":{"line":59,"column":24},"end":{"line":71,"column":8}},"37":{"start":{"line":60,"column":25},"end":{"line":60,"column":58}},"38":{"start":{"line":61,"column":23},"end":{"line":61,"column":48}},"39":{"start":{"line":63,"column":28},"end":{"line":65,"column":56}},"40":{"start":{"line":64,"column":30},"end":{"line":64,"column":77}},"41":{"start":{"line":65,"column":40},"end":{"line":65,"column":52}},"42":{"start":{"line":67,"column":8},"end":{"line":70,"column":10}},"43":{"start":{"line":73,"column":28},"end":{"line":77,"column":11}},"44":{"start":{"line":75,"column":32},"end":{"line":75,"column":83}},"45":{"start":{"line":76,"column":42},"end":{"line":76,"column":54}},"46":{"start":{"line":79,"column":6},"end":{"line":87,"column":9}},"47":{"start":{"line":90,"column":4},"end":{"line":90,"column":17}},"48":{"start":{"line":93,"column":33},"end":{"line":96,"column":2}}},"fnMap":{"0":{"name":"startOfWeek","decl":{"start":{"line":7,"column":9},"end":{"line":7,"column":20}},"loc":{"start":{"line":7,"column":36},"end":{"line":14,"column":1}},"line":7},"1":{"name":"startOfToday","decl":{"start":{"line":16,"column":9},"end":{"line":16,"column":21}},"loc":{"start":{"line":16,"column":32},"end":{"line":20,"column":1}},"line":16},"2":{"name":"(anonymous_2)","decl":{"start":{"line":22,"column":31},"end":{"line":22,"column":32}},"loc":{"start":{"line":22,"column":92},"end":{"line":91,"column":1}},"line":22},"3":{"name":"(anonymous_3)","decl":{"start":{"line":37,"column":46},"end":{"line":37,"column":47}},"loc":{"start":{"line":38,"column":10},"end":{"line":38,"column":78}},"line":38},"4":{"name":"(anonymous_4)","decl":{"start":{"line":44,"column":42},"end":{"line":44,"column":43}},"loc":{"start":{"line":45,"column":10},"end":{"line":45,"column":78}},"line":45},"5":{"name":"(anonymous_5)","decl":{"start":{"line":49,"column":42},"end":{"line":49,"column":43}},"loc":{"start":{"line":49,"column":70},"end":{"line":54,"column":7}},"line":49},"6":{"name":"(anonymous_6)","decl":{"start":{"line":56,"column":36},"end":{"line":56,"column":37}},"loc":{"start":{"line":56,"column":61},"end":{"line":56,"column":76}},"line":56},"7":{"name":"(anonymous_7)","decl":{"start":{"line":57,"column":40},"end":{"line":57,"column":41}},"loc":{"start":{"line":57,"column":52},"end":{"line":57,"column":65}},"line":57},"8":{"name":"(anonymous_8)","decl":{"start":{"line":59,"column":50},"end":{"line":59,"column":51}},"loc":{"start":{"line":59,"column":68},"end":{"line":71,"column":7}},"line":59},"9":{"name":"(anonymous_9)","decl":{"start":{"line":64,"column":18},"end":{"line":64,"column":19}},"loc":{"start":{"line":64,"column":30},"end":{"line":64,"column":77}},"line":64},"10":{"name":"(anonymous_10)","decl":{"start":{"line":65,"column":18},"end":{"line":65,"column":19}},"loc":{"start":{"line":65,"column":40},"end":{"line":65,"column":52}},"line":65},"11":{"name":"(anonymous_11)","decl":{"start":{"line":75,"column":20},"end":{"line":75,"column":21}},"loc":{"start":{"line":75,"column":32},"end":{"line":75,"column":83}},"line":75},"12":{"name":"(anonymous_12)","decl":{"start":{"line":76,"column":20},"end":{"line":76,"column":21}},"loc":{"start":{"line":76,"column":42},"end":{"line":76,"column":54}},"line":76}},"branchMap":{"0":{"loc":{"start":{"line":10,"column":37},"end":{"line":10,"column":55}},"type":"cond-expr","locations":[{"start":{"line":10,"column":49},"end":{"line":10,"column":51}},{"start":{"line":10,"column":54},"end":{"line":10,"column":55}}],"line":10},"1":{"loc":{"start":{"line":50,"column":8},"end":{"line":50,"column":80}},"type":"if","locations":[{"start":{"line":50,"column":8},"end":{"line":50,"column":80}},{"start":{},"end":{}}],"line":50},"2":{"loc":{"start":{"line":50,"column":12},"end":{"line":50,"column":67}},"type":"binary-expr","locations":[{"start":{"line":50,"column":12},"end":{"line":50,"column":28}},{"start":{"line":50,"column":32},"end":{"line":50,"column":67}}],"line":50},"3":{"loc":{"start":{"line":52,"column":8},"end":{"line":52,"column":38}},"type":"if","locations":[{"start":{"line":52,"column":8},"end":{"line":52,"column":38}},{"start":{},"end":{}}],"line":52},"4":{"loc":{"start":{"line":64,"column":30},"end":{"line":64,"column":77}},"type":"binary-expr","locations":[{"start":{"line":64,"column":30},"end":{"line":64,"column":53}},{"start":{"line":64,"column":57},"end":{"line":64,"column":77}}],"line":64},"5":{"loc":{"start":{"line":73,"column":28},"end":{"line":77,"column":11}},"type":"cond-expr","locations":[{"start":{"line":74,"column":10},"end":{"line":76,"column":58}},{"start":{"line":77,"column":10},"end":{"line":77,"column":11}}],"line":73},"6":{"loc":{"start":{"line":75,"column":32},"end":{"line":75,"column":83}},"type":"binary-expr","locations":[{"start":{"line":75,"column":32},"end":{"line":75,"column":57}},{"start":{"line":75,"column":61},"end":{"line":75,"column":83}}],"line":75},"7":{"loc":{"start":{"line":83,"column":24},"end":{"line":83,"column":80}},"type":"cond-expr","locations":[{"start":{"line":83,"column":42},"end":{"line":83,"column":76}},{"start":{"line":83,"column":79},"end":{"line":83,"column":80}}],"line":83}},"s":{"0":1,"1":3,"2":3,"3":3,"4":3,"5":3,"6":3,"7":3,"8":3,"9":3,"10":1,"11":3,"12":3,"13":3,"14":3,"15":3,"16":3,"17":3,"18":3,"19":12,"20":12,"21":12,"22":0,"23":12,"24":0,"25":12,"26":12,"27":4,"28":8,"29":8,"30":0,"31":8,"32":12,"33":10,"34":12,"35":10,"36":12,"37":84,"38":84,"39":84,"40":70,"41":4,"42":84,"43":12,"44":4,"45":2,"46":12,"47":3,"48":1},"f":{"0":3,"1":3,"2":3,"3":0,"4":0,"5":12,"6":10,"7":10,"8":84,"9":70,"10":4,"11":4,"12":2},"b":{"0":[0,3],"1":[4,8],"2":[12,8],"3":[0,8],"4":[70,43],"5":[3,9],"6":[4,2],"7":[4,8]},"_coverageSchema":"1a1c01bbd47fc00a2c39e90264f33305004495a9","hash":"82fb5377600839b86adf681a5ac445b63a4a1bb0"}
,"C:\\Users\\rsnev\\Desktop\\CAPSTONE\\TaxiTapNEW\\platform\\convex\\functions\\earnings\\endTripHandler.ts": {"path":"C:\\Users\\rsnev\\Desktop\\CAPSTONE\\TaxiTapNEW\\platform\\convex\\functions\\earnings\\endTripHandler.ts","statementMap":{"0":{"start":{"line":5,"column":2},"end":{"line":39,"column":3}},"1":{"start":{"line":7,"column":4},"end":{"line":10,"column":15}},"2":{"start":{"line":9,"column":26},"end":{"line":9,"column":57}},"3":{"start":{"line":12,"column":4},"end":{"line":14,"column":5}},"4":{"start":{"line":13,"column":6},"end":{"line":13,"column":65}},"5":{"start":{"line":16,"column":4},"end":{"line":18,"column":5}},"6":{"start":{"line":17,"column":6},"end":{"line":17,"column":60}},"7":{"start":{"line":20,"column":4},"end":{"line":20,"column":48}},"8":{"start":{"line":21,"column":4},"end":{"line":23,"column":5}},"9":{"start":{"line":22,"column":6},"end":{"line":22,"column":41}},"10":{"start":{"line":26,"column":18},"end":{"line":30,"column":16}},"11":{"start":{"line":28,"column":59},"end":{"line":28,"column":91}},"12":{"start":{"line":32,"column":4},"end":{"line":32,"column":58}},"13":{"start":{"line":32,"column":41},"end":{"line":32,"column":56}},"14":{"start":{"line":33,"column":4},"end":{"line":33,"column":64}},"15":{"start":{"line":33,"column":22},"end":{"line":33,"column":64}},"16":{"start":{"line":35,"column":4},"end":{"line":38,"column":16}},"17":{"start":{"line":37,"column":43},"end":{"line":37,"column":74}},"18":{"start":{"line":41,"column":2},"end":{"line":43,"column":3}},"19":{"start":{"line":42,"column":4},"end":{"line":42,"column":63}},"20":{"start":{"line":45,"column":18},"end":{"line":45,"column":28}},"21":{"start":{"line":46,"column":2},"end":{"line":46,"column":77}},"22":{"start":{"line":48,"column":2},"end":{"line":48,"column":47}}},"fnMap":{"0":{"name":"endTripHandler","decl":{"start":{"line":1,"column":22},"end":{"line":1,"column":36}},"loc":{"start":{"line":1,"column":111},"end":{"line":49,"column":1}},"line":1},"1":{"name":"(anonymous_1)","decl":{"start":{"line":9,"column":14},"end":{"line":9,"column":15}},"loc":{"start":{"line":9,"column":26},"end":{"line":9,"column":57}},"line":9},"2":{"name":"(anonymous_2)","decl":{"start":{"line":28,"column":47},"end":{"line":28,"column":48}},"loc":{"start":{"line":28,"column":59},"end":{"line":28,"column":91}},"line":28},"3":{"name":"(anonymous_3)","decl":{"start":{"line":32,"column":29},"end":{"line":32,"column":30}},"loc":{"start":{"line":32,"column":41},"end":{"line":32,"column":56}},"line":32},"4":{"name":"(anonymous_4)","decl":{"start":{"line":37,"column":31},"end":{"line":37,"column":32}},"loc":{"start":{"line":37,"column":43},"end":{"line":37,"column":74}},"line":37}},"branchMap":{"0":{"loc":{"start":{"line":5,"column":2},"end":{"line":39,"column":3}},"type":"if","locations":[{"start":{"line":5,"column":2},"end":{"line":39,"column":3}},{"start":{"line":24,"column":9},"end":{"line":39,"column":3}}],"line":5},"1":{"loc":{"start":{"line":12,"column":4},"end":{"line":14,"column":5}},"type":"if","locations":[{"start":{"line":12,"column":4},"end":{"line":14,"column":5}},{"start":{},"end":{}}],"line":12},"2":{"loc":{"start":{"line":16,"column":4},"end":{"line":18,"column":5}},"type":"if","locations":[{"start":{"line":16,"column":4},"end":{"line":18,"column":5}},{"start":{},"end":{}}],"line":16},"3":{"loc":{"start":{"line":21,"column":4},"end":{"line":23,"column":5}},"type":"if","locations":[{"start":{"line":21,"column":4},"end":{"line":23,"column":5}},{"start":{},"end":{}}],"line":21},"4":{"loc":{"start":{"line":33,"column":4},"end":{"line":33,"column":64}},"type":"if","locations":[{"start":{"line":33,"column":4},"end":{"line":33,"column":64}},{"start":{},"end":{}}],"line":33},"5":{"loc":{"start":{"line":41,"column":2},"end":{"line":43,"column":3}},"type":"if","locations":[{"start":{"line":41,"column":2},"end":{"line":43,"column":3}},{"start":{},"end":{}}],"line":41},"6":{"loc":{"start":{"line":41,"column":6},"end":{"line":41,"column":41}},"type":"binary-expr","locations":[{"start":{"line":41,"column":6},"end":{"line":41,"column":11}},{"start":{"line":41,"column":15},"end":{"line":41,"column":41}}],"line":41}},"s":{"0":10,"1":4,"2":0,"3":4,"4":1,"5":3,"6":1,"7":2,"8":2,"9":1,"10":6,"11":0,"12":6,"13":6,"14":6,"15":1,"16":5,"17":0,"18":6,"19":2,"20":4,"21":4,"22":3},"f":{"0":10,"1":0,"2":0,"3":6,"4":0},"b":{"0":[4,6],"1":[1,3],"2":[1,2],"3":[1,1],"4":[1,5],"5":[2,4],"6":[6,5]},"_coverageSchema":"1a1c01bbd47fc00a2c39e90264f33305004495a9","hash":"14ec3edc0181802222799aa41c369df3b2efd956"}
,"C:\\Users\\rsnev\\Desktop\\CAPSTONE\\TaxiTapNEW\\platform\\convex\\functions\\earnings\\fareHandler.ts": {"path":"C:\\Users\\rsnev\\Desktop\\CAPSTONE\\TaxiTapNEW\\platform\\convex\\functions\\earnings\\fareHandler.ts","statementMap":{"0":{"start":{"line":7,"column":21},"end":{"line":7,"column":25}},"1":{"start":{"line":10,"column":24},"end":{"line":16,"column":12}},"2":{"start":{"line":13,"column":6},"end":{"line":13,"column":33}},"3":{"start":{"line":18,"column":2},"end":{"line":18,"column":47}},"4":{"start":{"line":18,"column":21},"end":{"line":18,"column":47}},"5":{"start":{"line":21,"column":21},"end":{"line":27,"column":12}},"6":{"start":{"line":24,"column":6},"end":{"line":24,"column":30}},"7":{"start":{"line":29,"column":2},"end":{"line":29,"column":41}},"8":{"start":{"line":29,"column":18},"end":{"line":29,"column":41}},"9":{"start":{"line":32,"column":2},"end":{"line":32,"column":14}}},"fnMap":{"0":{"name":"getFareForLatestTripHandler","decl":{"start":{"line":3,"column":22},"end":{"line":3,"column":49}},"loc":{"start":{"line":6,"column":26},"end":{"line":33,"column":1}},"line":6},"1":{"name":"(anonymous_1)","decl":{"start":{"line":12,"column":45},"end":{"line":12,"column":46}},"loc":{"start":{"line":13,"column":6},"end":{"line":13,"column":33}},"line":13},"2":{"name":"(anonymous_2)","decl":{"start":{"line":23,"column":42},"end":{"line":23,"column":43}},"loc":{"start":{"line":24,"column":6},"end":{"line":24,"column":30}},"line":24}},"branchMap":{"0":{"loc":{"start":{"line":18,"column":2},"end":{"line":18,"column":47}},"type":"if","locations":[{"start":{"line":18,"column":2},"end":{"line":18,"column":47}},{"start":{},"end":{}}],"line":18},"1":{"loc":{"start":{"line":29,"column":2},"end":{"line":29,"column":41}},"type":"if","locations":[{"start":{"line":29,"column":2},"end":{"line":29,"column":41}},{"start":{},"end":{}}],"line":29}},"s":{"0":10,"1":10,"2":0,"3":10,"4":9,"5":1,"6":0,"7":1,"8":0,"9":1},"f":{"0":10,"1":0,"2":0},"b":{"0":[9,1],"1":[0,1]},"_coverageSchema":"1a1c01bbd47fc00a2c39e90264f33305004495a9","hash":"03d86b7e4a18e25a3d029a2a5379e95630a2ae61"}
,"C:\\Users\\rsnev\\Desktop\\CAPSTONE\\TaxiTapNEW\\platform\\convex\\functions\\earnings\\startTripHandler.ts": {"path":"C:\\Users\\rsnev\\Desktop\\CAPSTONE\\TaxiTapNEW\\platform\\convex\\functions\\earnings\\startTripHandler.ts","statementMap":{"0":{"start":{"line":11,"column":49},"end":{"line":11,"column":53}},"1":{"start":{"line":12,"column":20},"end":{"line":12,"column":30}},"2":{"start":{"line":14,"column":17},"end":{"line":21,"column":4}},"3":{"start":{"line":23,"column":23},"end":{"line":29,"column":14}},"4":{"start":{"line":26,"column":6},"end":{"line":26,"column":63}},"5":{"start":{"line":31,"column":22},"end":{"line":31,"column":62}},"6":{"start":{"line":31,"column":52},"end":{"line":31,"column":61}},"7":{"start":{"line":33,"column":2},"end":{"line":35,"column":3}},"8":{"start":{"line":34,"column":4},"end":{"line":34,"column":52}},"9":{"start":{"line":37,"column":2},"end":{"line":37,"column":16}}},"fnMap":{"0":{"name":"startTripHandler","decl":{"start":{"line":3,"column":22},"end":{"line":3,"column":38}},"loc":{"start":{"line":10,"column":24},"end":{"line":38,"column":1}},"line":10},"1":{"name":"(anonymous_1)","decl":{"start":{"line":25,"column":42},"end":{"line":25,"column":43}},"loc":{"start":{"line":26,"column":6},"end":{"line":26,"column":63}},"line":26},"2":{"name":"(anonymous_2)","decl":{"start":{"line":31,"column":40},"end":{"line":31,"column":41}},"loc":{"start":{"line":31,"column":52},"end":{"line":31,"column":61}},"line":31}},"branchMap":{"0":{"loc":{"start":{"line":33,"column":2},"end":{"line":35,"column":3}},"type":"if","locations":[{"start":{"line":33,"column":2},"end":{"line":35,"column":3}},{"start":{},"end":{}}],"line":33}},"s":{"0":3,"1":3,"2":3,"3":3,"4":0,"5":3,"6":2,"7":3,"8":1,"9":3},"f":{"0":3,"1":0,"2":2},"b":{"0":[1,2]},"_coverageSchema":"1a1c01bbd47fc00a2c39e90264f33305004495a9","hash":"1e6840800485722948b0428bf222f1377f4eda6a"}
,"C:\\Users\\rsnev\\Desktop\\CAPSTONE\\TaxiTapNEW\\platform\\convex\\functions\\feedback\\averageRating.ts": {"path":"C:\\Users\\rsnev\\Desktop\\CAPSTONE\\TaxiTapNEW\\platform\\convex\\functions\\feedback\\averageRating.ts","statementMap":{"0":{"start":{"line":5,"column":20},"end":{"line":8,"column":14}},"1":{"start":{"line":7,"column":40},"end":{"line":7,"column":71}},"2":{"start":{"line":10,"column":18},"end":{"line":12,"column":55}},"3":{"start":{"line":11,"column":21},"end":{"line":11,"column":29}},"4":{"start":{"line":12,"column":24},"end":{"line":12,"column":54}},"5":{"start":{"line":14,"column":2},"end":{"line":14,"column":37}},"6":{"start":{"line":14,"column":28},"end":{"line":14,"column":37}},"7":{"start":{"line":16,"column":14},"end":{"line":16,"column":81}},"8":{"start":{"line":16,"column":55},"end":{"line":16,"column":60}},"9":{"start":{"line":17,"column":2},"end":{"line":17,"column":36}},"10":{"start":{"line":20,"column":32},"end":{"line":25,"column":2}}},"fnMap":{"0":{"name":"getAverageRatingHandler","decl":{"start":{"line":4,"column":22},"end":{"line":4,"column":45}},"loc":{"start":{"line":4,"column":67},"end":{"line":18,"column":1}},"line":4},"1":{"name":"(anonymous_1)","decl":{"start":{"line":7,"column":28},"end":{"line":7,"column":29}},"loc":{"start":{"line":7,"column":40},"end":{"line":7,"column":71}},"line":7},"2":{"name":"(anonymous_2)","decl":{"start":{"line":11,"column":9},"end":{"line":11,"column":10}},"loc":{"start":{"line":11,"column":21},"end":{"line":11,"column":29}},"line":11},"3":{"name":"(anonymous_3)","decl":{"start":{"line":12,"column":12},"end":{"line":12,"column":13}},"loc":{"start":{"line":12,"column":24},"end":{"line":12,"column":54}},"line":12},"4":{"name":"(anonymous_4)","decl":{"start":{"line":16,"column":29},"end":{"line":16,"column":30}},"loc":{"start":{"line":16,"column":55},"end":{"line":16,"column":60}},"line":16}},"branchMap":{"0":{"loc":{"start":{"line":12,"column":24},"end":{"line":12,"column":54}},"type":"binary-expr","locations":[{"start":{"line":12,"column":24},"end":{"line":12,"column":45}},{"start":{"line":12,"column":49},"end":{"line":12,"column":54}}],"line":12},"1":{"loc":{"start":{"line":14,"column":2},"end":{"line":14,"column":37}},"type":"if","locations":[{"start":{"line":14,"column":2},"end":{"line":14,"column":37}},{"start":{},"end":{}}],"line":14}},"s":{"0":15,"1":0,"2":14,"3":1039,"4":1039,"5":14,"6":3,"7":11,"8":1023,"9":11,"10":1},"f":{"0":15,"1":0,"2":1039,"3":1039,"4":1023},"b":{"0":[1039,1031],"1":[3,11]},"_coverageSchema":"1a1c01bbd47fc00a2c39e90264f33305004495a9","hash":"81af504dbbd637168529d4368de4a446a1749864"}
,"C:\\Users\\rsnev\\Desktop\\CAPSTONE\\TaxiTapNEW\\platform\\convex\\functions\\feedback\\saveFeedbackHandler.ts": {"path":"C:\\Users\\rsnev\\Desktop\\CAPSTONE\\TaxiTapNEW\\platform\\convex\\functions\\feedback\\saveFeedbackHandler.ts","statementMap":{"0":{"start":{"line":2,"column":19},"end":{"line":5,"column":12}},"1":{"start":{"line":4,"column":38},"end":{"line":4,"column":65}},"2":{"start":{"line":7,"column":2},"end":{"line":9,"column":3}},"3":{"start":{"line":8,"column":4},"end":{"line":8,"column":65}},"4":{"start":{"line":11,"column":13},"end":{"line":20,"column":4}},"5":{"start":{"line":22,"column":2},"end":{"line":22,"column":16}}},"fnMap":{"0":{"name":"saveFeedbackHandler","decl":{"start":{"line":1,"column":22},"end":{"line":1,"column":41}},"loc":{"start":{"line":1,"column":63},"end":{"line":23,"column":1}},"line":1},"1":{"name":"(anonymous_1)","decl":{"start":{"line":4,"column":26},"end":{"line":4,"column":27}},"loc":{"start":{"line":4,"column":38},"end":{"line":4,"column":65}},"line":4}},"branchMap":{"0":{"loc":{"start":{"line":7,"column":2},"end":{"line":9,"column":3}},"type":"if","locations":[{"start":{"line":7,"column":2},"end":{"line":9,"column":3}},{"start":{},"end":{}}],"line":7}},"s":{"0":4,"1":0,"2":4,"3":1,"4":3,"5":3},"f":{"0":4,"1":0},"b":{"0":[1,3]},"_coverageSchema":"1a1c01bbd47fc00a2c39e90264f33305004495a9","hash":"6f14699d6aaea0a7e3921a3f8c6d6fffa167db7b"}
,"C:\\Users\\rsnev\\Desktop\\CAPSTONE\\TaxiTapNEW\\platform\\convex\\functions\\feedback\\showFeedbackHandler.ts": {"path":"C:\\Users\\rsnev\\Desktop\\CAPSTONE\\TaxiTapNEW\\platform\\convex\\functions\\feedback\\showFeedbackHandler.ts","statementMap":{"0":{"start":{"line":2,"column":20},"end":{"line":6,"column":14}},"1":{"start":{"line":4,"column":43},"end":{"line":4,"column":80}},"2":{"start":{"line":8,"column":28},"end":{"line":13,"column":3}},"3":{"start":{"line":10,"column":21},"end":{"line":10,"column":71}},"4":{"start":{"line":11,"column":6},"end":{"line":11,"column":62}},"5":{"start":{"line":15,"column":2},"end":{"line":15,"column":27}},"6":{"start":{"line":19,"column":20},"end":{"line":23,"column":14}},"7":{"start":{"line":21,"column":40},"end":{"line":21,"column":71}},"8":{"start":{"line":25,"column":28},"end":{"line":30,"column":3}},"9":{"start":{"line":27,"column":24},"end":{"line":27,"column":80}},"10":{"start":{"line":28,"column":6},"end":{"line":28,"column":68}},"11":{"start":{"line":32,"column":2},"end":{"line":32,"column":27}}},"fnMap":{"0":{"name":"showFeedbackPassengerHandler","decl":{"start":{"line":1,"column":22},"end":{"line":1,"column":50}},"loc":{"start":{"line":1,"column":72},"end":{"line":16,"column":1}},"line":1},"1":{"name":"(anonymous_1)","decl":{"start":{"line":4,"column":31},"end":{"line":4,"column":32}},"loc":{"start":{"line":4,"column":43},"end":{"line":4,"column":80}},"line":4},"2":{"name":"(anonymous_2)","decl":{"start":{"line":9,"column":18},"end":{"line":9,"column":19}},"loc":{"start":{"line":9,"column":37},"end":{"line":12,"column":5}},"line":9},"3":{"name":"showFeedbackDriverHandler","decl":{"start":{"line":18,"column":22},"end":{"line":18,"column":47}},"loc":{"start":{"line":18,"column":69},"end":{"line":33,"column":1}},"line":18},"4":{"name":"(anonymous_4)","decl":{"start":{"line":21,"column":28},"end":{"line":21,"column":29}},"loc":{"start":{"line":21,"column":40},"end":{"line":21,"column":71}},"line":21},"5":{"name":"(anonymous_5)","decl":{"start":{"line":26,"column":18},"end":{"line":26,"column":19}},"loc":{"start":{"line":26,"column":37},"end":{"line":29,"column":5}},"line":26}},"branchMap":{"0":{"loc":{"start":{"line":10,"column":21},"end":{"line":10,"column":71}},"type":"cond-expr","locations":[{"start":{"line":10,"column":35},"end":{"line":10,"column":64}},{"start":{"line":10,"column":67},"end":{"line":10,"column":71}}],"line":10},"1":{"loc":{"start":{"line":11,"column":34},"end":{"line":11,"column":59}},"type":"binary-expr","locations":[{"start":{"line":11,"column":34},"end":{"line":11,"column":46}},{"start":{"line":11,"column":50},"end":{"line":11,"column":59}}],"line":11},"2":{"loc":{"start":{"line":27,"column":24},"end":{"line":27,"column":80}},"type":"cond-expr","locations":[{"start":{"line":27,"column":41},"end":{"line":27,"column":73}},{"start":{"line":27,"column":76},"end":{"line":27,"column":80}}],"line":27},"3":{"loc":{"start":{"line":28,"column":37},"end":{"line":28,"column":65}},"type":"binary-expr","locations":[{"start":{"line":28,"column":37},"end":{"line":28,"column":52}},{"start":{"line":28,"column":56},"end":{"line":28,"column":65}}],"line":28}},"s":{"0":2,"1":0,"2":2,"3":3,"4":3,"5":2,"6":2,"7":0,"8":2,"9":3,"10":3,"11":2},"f":{"0":2,"1":0,"2":3,"3":2,"4":0,"5":3},"b":{"0":[2,1],"1":[3,1],"2":[2,1],"3":[3,1]},"_coverageSchema":"1a1c01bbd47fc00a2c39e90264f33305004495a9","hash":"bb7cf4078cebff8b2b067d53cc2bf4926495b3a2"}
,"C:\\Users\\rsnev\\Desktop\\CAPSTONE\\TaxiTapNEW\\platform\\convex\\functions\\journeys\\getNextLegInfo.ts": {"path":"C:\\Users\\rsnev\\Desktop\\CAPSTONE\\TaxiTapNEW\\platform\\convex\\functions\\journeys\\getNextLegInfo.ts","statementMap":{"0":{"start":{"line":8,"column":30},"end":{"line":172,"column":2}},"1":{"start":{"line":15,"column":20},"end":{"line":18,"column":15}},"2":{"start":{"line":17,"column":41},"end":{"line":17,"column":69}},"3":{"start":{"line":20,"column":4},"end":{"line":22,"column":5}},"4":{"start":{"line":21,"column":6},"end":{"line":21,"column":56}},"5":{"start":{"line":24,"column":25},"end":{"line":24,"column":44}},"6":{"start":{"line":27,"column":4},"end":{"line":32,"column":5}},"7":{"start":{"line":28,"column":6},"end":{"line":31,"column":8}},"8":{"start":{"line":34,"column":20},"end":{"line":34,"column":46}},"9":{"start":{"line":35,"column":4},"end":{"line":40,"column":5}},"10":{"start":{"line":36,"column":6},"end":{"line":39,"column":8}},"11":{"start":{"line":43,"column":22},"end":{"line":43,"column":63}},"12":{"start":{"line":44,"column":33},"end":{"line":46,"column":6}},"13":{"start":{"line":45,"column":6},"end":{"line":45,"column":58}},"14":{"start":{"line":49,"column":27},"end":{"line":52,"column":16}},"15":{"start":{"line":51,"column":43},"end":{"line":51,"column":68}},"16":{"start":{"line":54,"column":4},"end":{"line":54,"column":95}},"17":{"start":{"line":57,"column":18},"end":{"line":60,"column":14}},"18":{"start":{"line":59,"column":21},"end":{"line":59,"column":61}},"19":{"start":{"line":62,"column":4},"end":{"line":83,"column":5}},"20":{"start":{"line":63,"column":6},"end":{"line":63,"column":68}},"21":{"start":{"line":64,"column":6},"end":{"line":82,"column":8}},"22":{"start":{"line":85,"column":4},"end":{"line":85,"column":85}},"23":{"start":{"line":88,"column":29},"end":{"line":88,"column":31}},"24":{"start":{"line":89,"column":29},"end":{"line":89,"column":30}},"25":{"start":{"line":90,"column":32},"end":{"line":90,"column":33}},"26":{"start":{"line":92,"column":4},"end":{"line":141,"column":5}},"27":{"start":{"line":93,"column":21},"end":{"line":93,"column":52}},"28":{"start":{"line":94,"column":6},"end":{"line":94,"column":28}},"29":{"start":{"line":94,"column":19},"end":{"line":94,"column":28}},"30":{"start":{"line":96,"column":6},"end":{"line":96,"column":27}},"31":{"start":{"line":99,"column":24},"end":{"line":99,"column":58}},"32":{"start":{"line":101,"column":6},"end":{"line":107,"column":9}},"33":{"start":{"line":109,"column":6},"end":{"line":109,"column":31}},"34":{"start":{"line":109,"column":22},"end":{"line":109,"column":31}},"35":{"start":{"line":111,"column":29},"end":{"line":111,"column":91}},"36":{"start":{"line":111,"column":62},"end":{"line":111,"column":90}},"37":{"start":{"line":112,"column":26},"end":{"line":112,"column":57}},"38":{"start":{"line":114,"column":6},"end":{"line":114,"column":30}},"39":{"start":{"line":116,"column":6},"end":{"line":120,"column":9}},"40":{"start":{"line":122,"column":6},"end":{"line":140,"column":7}},"41":{"start":{"line":123,"column":8},"end":{"line":139,"column":11}},"42":{"start":{"line":143,"column":4},"end":{"line":149,"column":7}},"43":{"start":{"line":152,"column":4},"end":{"line":170,"column":6}}},"fnMap":{"0":{"name":"(anonymous_0)","decl":{"start":{"line":13,"column":11},"end":{"line":13,"column":12}},"loc":{"start":{"line":13,"column":68},"end":{"line":171,"column":3}},"line":13},"1":{"name":"(anonymous_1)","decl":{"start":{"line":17,"column":34},"end":{"line":17,"column":35}},"loc":{"start":{"line":17,"column":41},"end":{"line":17,"column":69}},"line":17},"2":{"name":"(anonymous_2)","decl":{"start":{"line":44,"column":50},"end":{"line":44,"column":51}},"loc":{"start":{"line":44,"column":59},"end":{"line":46,"column":5}},"line":44},"3":{"name":"(anonymous_3)","decl":{"start":{"line":51,"column":36},"end":{"line":51,"column":37}},"loc":{"start":{"line":51,"column":43},"end":{"line":51,"column":68}},"line":51},"4":{"name":"(anonymous_4)","decl":{"start":{"line":59,"column":14},"end":{"line":59,"column":15}},"loc":{"start":{"line":59,"column":21},"end":{"line":59,"column":61}},"line":59},"5":{"name":"(anonymous_5)","decl":{"start":{"line":111,"column":55},"end":{"line":111,"column":56}},"loc":{"start":{"line":111,"column":62},"end":{"line":111,"column":90}},"line":111}},"branchMap":{"0":{"loc":{"start":{"line":20,"column":4},"end":{"line":22,"column":5}},"type":"if","locations":[{"start":{"line":20,"column":4},"end":{"line":22,"column":5}},{"start":{},"end":{}}],"line":20},"1":{"loc":{"start":{"line":27,"column":4},"end":{"line":32,"column":5}},"type":"if","locations":[{"start":{"line":27,"column":4},"end":{"line":32,"column":5}},{"start":{},"end":{}}],"line":27},"2":{"loc":{"start":{"line":35,"column":4},"end":{"line":40,"column":5}},"type":"if","locations":[{"start":{"line":35,"column":4},"end":{"line":40,"column":5}},{"start":{},"end":{}}],"line":35},"3":{"loc":{"start":{"line":45,"column":13},"end":{"line":45,"column":57}},"type":"binary-expr","locations":[{"start":{"line":45,"column":13},"end":{"line":45,"column":34}},{"start":{"line":45,"column":38},"end":{"line":45,"column":57}}],"line":45},"4":{"loc":{"start":{"line":62,"column":4},"end":{"line":83,"column":5}},"type":"if","locations":[{"start":{"line":62,"column":4},"end":{"line":83,"column":5}},{"start":{},"end":{}}],"line":62},"5":{"loc":{"start":{"line":94,"column":6},"end":{"line":94,"column":28}},"type":"if","locations":[{"start":{"line":94,"column":6},"end":{"line":94,"column":28}},{"start":{},"end":{}}],"line":94},"6":{"loc":{"start":{"line":109,"column":6},"end":{"line":109,"column":31}},"type":"if","locations":[{"start":{"line":109,"column":6},"end":{"line":109,"column":31}},{"start":{},"end":{}}],"line":109},"7":{"loc":{"start":{"line":119,"column":22},"end":{"line":119,"column":109}},"type":"cond-expr","locations":[{"start":{"line":119,"column":39},"end":{"line":119,"column":102}},{"start":{"line":119,"column":105},"end":{"line":119,"column":109}}],"line":119},"8":{"loc":{"start":{"line":122,"column":6},"end":{"line":140,"column":7}},"type":"if","locations":[{"start":{"line":122,"column":6},"end":{"line":140,"column":7}},{"start":{},"end":{}}],"line":122},"9":{"loc":{"start":{"line":122,"column":10},"end":{"line":122,"column":39}},"type":"binary-expr","locations":[{"start":{"line":122,"column":10},"end":{"line":122,"column":24}},{"start":{"line":122,"column":28},"end":{"line":122,"column":39}}],"line":122}},"s":{"0":1,"1":7,"2":0,"3":7,"4":1,"5":6,"6":6,"7":1,"8":5,"9":5,"10":1,"11":4,"12":4,"13":4,"14":4,"15":0,"16":4,"17":4,"18":0,"19":4,"20":1,"21":1,"22":3,"23":3,"24":3,"25":3,"26":3,"27":4,"28":4,"29":0,"30":4,"31":4,"32":4,"33":4,"34":1,"35":3,"36":3,"37":3,"38":3,"39":3,"40":3,"41":2,"42":3,"43":3},"f":{"0":7,"1":0,"2":4,"3":0,"4":0,"5":3},"b":{"0":[1,6],"1":[1,5],"2":[1,4],"3":[4,0],"4":[1,3],"5":[0,4],"6":[1,3],"7":[3,0],"8":[2,1],"9":[3,3]},"_coverageSchema":"1a1c01bbd47fc00a2c39e90264f33305004495a9","hash":"d8d7559cc19c7fcdac9891b1fa09ec56a9ba36f5"}
,"C:\\Users\\rsnev\\Desktop\\CAPSTONE\\TaxiTapNEW\\platform\\convex\\functions\\journeys\\journeyStateManager.ts": {"path":"C:\\Users\\rsnev\\Desktop\\CAPSTONE\\TaxiTapNEW\\platform\\convex\\functions\\journeys\\journeyStateManager.ts","statementMap":{"0":{"start":{"line":10,"column":37},"end":{"line":97,"column":2}},"1":{"start":{"line":53,"column":16},"end":{"line":53,"column":26}},"2":{"start":{"line":55,"column":22},"end":{"line":92,"column":6}},"3":{"start":{"line":95,"column":4},"end":{"line":95,"column":67}},"4":{"start":{"line":102,"column":31},"end":{"line":144,"column":2}},"5":{"start":{"line":110,"column":20},"end":{"line":113,"column":15}},"6":{"start":{"line":112,"column":41},"end":{"line":112,"column":69}},"7":{"start":{"line":115,"column":4},"end":{"line":117,"column":5}},"8":{"start":{"line":116,"column":6},"end":{"line":116,"column":56}},"9":{"start":{"line":119,"column":16},"end":{"line":119,"column":26}},"10":{"start":{"line":120,"column":24},"end":{"line":131,"column":6}},"11":{"start":{"line":121,"column":6},"end":{"line":129,"column":7}},"12":{"start":{"line":122,"column":8},"end":{"line":128,"column":10}},"13":{"start":{"line":130,"column":6},"end":{"line":130,"column":17}},"14":{"start":{"line":133,"column":4},"end":{"line":139,"column":7}},"15":{"start":{"line":142,"column":4},"end":{"line":142,"column":29}},"16":{"start":{"line":149,"column":38},"end":{"line":290,"column":2}},"17":{"start":{"line":156,"column":20},"end":{"line":159,"column":15}},"18":{"start":{"line":158,"column":41},"end":{"line":158,"column":69}},"19":{"start":{"line":161,"column":4},"end":{"line":163,"column":5}},"20":{"start":{"line":162,"column":6},"end":{"line":162,"column":56}},"21":{"start":{"line":165,"column":16},"end":{"line":165,"column":26}},"22":{"start":{"line":166,"column":25},"end":{"line":166,"column":47}},"23":{"start":{"line":168,"column":24},"end":{"line":178,"column":6}},"24":{"start":{"line":169,"column":6},"end":{"line":176,"column":7}},"25":{"start":{"line":170,"column":8},"end":{"line":175,"column":10}},"26":{"start":{"line":177,"column":6},"end":{"line":177,"column":17}},"27":{"start":{"line":180,"column":28},"end":{"line":182,"column":59}},"28":{"start":{"line":181,"column":21},"end":{"line":181,"column":49}},"29":{"start":{"line":182,"column":28},"end":{"line":182,"column":55}},"30":{"start":{"line":185,"column":4},"end":{"line":232,"column":5}},"31":{"start":{"line":186,"column":6},"end":{"line":231,"column":7}},"32":{"start":{"line":187,"column":21},"end":{"line":187,"column":58}},"33":{"start":{"line":188,"column":8},"end":{"line":227,"column":9}},"34":{"start":{"line":190,"column":10},"end":{"line":203,"column":11}},"35":{"start":{"line":191,"column":12},"end":{"line":191,"column":117}},"36":{"start":{"line":193,"column":12},"end":{"line":202,"column":13}},"37":{"start":{"line":194,"column":14},"end":{"line":199,"column":17}},"38":{"start":{"line":201,"column":14},"end":{"line":201,"column":152}},"39":{"start":{"line":206,"column":38},"end":{"line":206,"column":67}},"40":{"start":{"line":209,"column":10},"end":{"line":212,"column":13}},"41":{"start":{"line":215,"column":10},"end":{"line":223,"column":11}},"42":{"start":{"line":216,"column":25},"end":{"line":216,"column":54}},"43":{"start":{"line":217,"column":12},"end":{"line":222,"column":13}},"44":{"start":{"line":218,"column":14},"end":{"line":221,"column":17}},"45":{"start":{"line":226,"column":10},"end":{"line":226,"column":43}},"46":{"start":{"line":229,"column":8},"end":{"line":229,"column":98}},"47":{"start":{"line":230,"column":8},"end":{"line":230,"column":20}},"48":{"start":{"line":234,"column":22},"end":{"line":234,"column":56}},"49":{"start":{"line":235,"column":30},"end":{"line":235,"column":39}},"50":{"start":{"line":237,"column":4},"end":{"line":243,"column":7}},"51":{"start":{"line":245,"column":4},"end":{"line":257,"column":7}},"52":{"start":{"line":261,"column":4},"end":{"line":277,"column":5}},"53":{"start":{"line":262,"column":22},"end":{"line":262,"column":48}},"54":{"start":{"line":263,"column":6},"end":{"line":267,"column":9}},"55":{"start":{"line":268,"column":6},"end":{"line":276,"column":8}},"56":{"start":{"line":279,"column":4},"end":{"line":283,"column":7}},"57":{"start":{"line":284,"column":4},"end":{"line":288,"column":6}},"58":{"start":{"line":295,"column":29},"end":{"line":327,"column":2}},"59":{"start":{"line":301,"column":20},"end":{"line":304,"column":15}},"60":{"start":{"line":303,"column":41},"end":{"line":303,"column":69}},"61":{"start":{"line":306,"column":4},"end":{"line":308,"column":5}},"62":{"start":{"line":307,"column":6},"end":{"line":307,"column":56}},"63":{"start":{"line":310,"column":16},"end":{"line":310,"column":26}},"64":{"start":{"line":311,"column":24},"end":{"line":316,"column":6}},"65":{"start":{"line":312,"column":6},"end":{"line":314,"column":7}},"66":{"start":{"line":313,"column":8},"end":{"line":313,"column":56}},"67":{"start":{"line":315,"column":6},"end":{"line":315,"column":17}},"68":{"start":{"line":318,"column":4},"end":{"line":322,"column":7}},"69":{"start":{"line":325,"column":4},"end":{"line":325,"column":29}},"70":{"start":{"line":332,"column":37},"end":{"line":357,"column":2}},"71":{"start":{"line":337,"column":20},"end":{"line":340,"column":15}},"72":{"start":{"line":339,"column":41},"end":{"line":339,"column":69}},"73":{"start":{"line":342,"column":4},"end":{"line":344,"column":5}},"74":{"start":{"line":343,"column":6},"end":{"line":343,"column":56}},"75":{"start":{"line":346,"column":16},"end":{"line":346,"column":26}},"76":{"start":{"line":348,"column":4},"end":{"line":352,"column":7}},"77":{"start":{"line":355,"column":4},"end":{"line":355,"column":29}},"78":{"start":{"line":362,"column":31},"end":{"line":378,"column":2}},"79":{"start":{"line":367,"column":20},"end":{"line":370,"column":15}},"80":{"start":{"line":369,"column":41},"end":{"line":369,"column":69}},"81":{"start":{"line":372,"column":4},"end":{"line":374,"column":5}},"82":{"start":{"line":373,"column":6},"end":{"line":373,"column":18}},"83":{"start":{"line":376,"column":4},"end":{"line":376,"column":19}},"84":{"start":{"line":383,"column":44},"end":{"line":409,"column":2}},"85":{"start":{"line":388,"column":26},"end":{"line":393,"column":14}},"86":{"start":{"line":391,"column":8},"end":{"line":391,"column":68}},"87":{"start":{"line":395,"column":4},"end":{"line":397,"column":5}},"88":{"start":{"line":396,"column":6},"end":{"line":396,"column":27}},"89":{"start":{"line":400,"column":27},"end":{"line":405,"column":14}},"90":{"start":{"line":403,"column":8},"end":{"line":403,"column":64}},"91":{"start":{"line":407,"column":4},"end":{"line":407,"column":26}},"92":{"start":{"line":414,"column":39},"end":{"line":427,"column":2}},"93":{"start":{"line":425,"column":4},"end":{"line":425,"column":87}}},"fnMap":{"0":{"name":"(anonymous_0)","decl":{"start":{"line":52,"column":11},"end":{"line":52,"column":12}},"loc":{"start":{"line":52,"column":71},"end":{"line":96,"column":3}},"line":52},"1":{"name":"(anonymous_1)","decl":{"start":{"line":109,"column":11},"end":{"line":109,"column":12}},"loc":{"start":{"line":109,"column":82},"end":{"line":143,"column":3}},"line":109},"2":{"name":"(anonymous_2)","decl":{"start":{"line":112,"column":34},"end":{"line":112,"column":35}},"loc":{"start":{"line":112,"column":41},"end":{"line":112,"column":69}},"line":112},"3":{"name":"(anonymous_3)","decl":{"start":{"line":120,"column":41},"end":{"line":120,"column":42}},"loc":{"start":{"line":120,"column":57},"end":{"line":131,"column":5}},"line":120},"4":{"name":"(anonymous_4)","decl":{"start":{"line":155,"column":11},"end":{"line":155,"column":12}},"loc":{"start":{"line":155,"column":76},"end":{"line":289,"column":3}},"line":155},"5":{"name":"(anonymous_5)","decl":{"start":{"line":158,"column":34},"end":{"line":158,"column":35}},"loc":{"start":{"line":158,"column":41},"end":{"line":158,"column":69}},"line":158},"6":{"name":"(anonymous_6)","decl":{"start":{"line":168,"column":41},"end":{"line":168,"column":42}},"loc":{"start":{"line":168,"column":57},"end":{"line":178,"column":5}},"line":168},"7":{"name":"(anonymous_7)","decl":{"start":{"line":181,"column":14},"end":{"line":181,"column":15}},"loc":{"start":{"line":181,"column":21},"end":{"line":181,"column":49}},"line":181},"8":{"name":"(anonymous_8)","decl":{"start":{"line":182,"column":14},"end":{"line":182,"column":15}},"loc":{"start":{"line":182,"column":28},"end":{"line":182,"column":55}},"line":182},"9":{"name":"(anonymous_9)","decl":{"start":{"line":300,"column":11},"end":{"line":300,"column":12}},"loc":{"start":{"line":300,"column":62},"end":{"line":326,"column":3}},"line":300},"10":{"name":"(anonymous_10)","decl":{"start":{"line":303,"column":34},"end":{"line":303,"column":35}},"loc":{"start":{"line":303,"column":41},"end":{"line":303,"column":69}},"line":303},"11":{"name":"(anonymous_11)","decl":{"start":{"line":311,"column":41},"end":{"line":311,"column":42}},"loc":{"start":{"line":311,"column":48},"end":{"line":316,"column":5}},"line":311},"12":{"name":"(anonymous_12)","decl":{"start":{"line":336,"column":11},"end":{"line":336,"column":12}},"loc":{"start":{"line":336,"column":54},"end":{"line":356,"column":3}},"line":336},"13":{"name":"(anonymous_13)","decl":{"start":{"line":339,"column":34},"end":{"line":339,"column":35}},"loc":{"start":{"line":339,"column":41},"end":{"line":339,"column":69}},"line":339},"14":{"name":"(anonymous_14)","decl":{"start":{"line":366,"column":11},"end":{"line":366,"column":12}},"loc":{"start":{"line":366,"column":51},"end":{"line":377,"column":3}},"line":366},"15":{"name":"(anonymous_15)","decl":{"start":{"line":369,"column":34},"end":{"line":369,"column":35}},"loc":{"start":{"line":369,"column":41},"end":{"line":369,"column":69}},"line":369},"16":{"name":"(anonymous_16)","decl":{"start":{"line":387,"column":11},"end":{"line":387,"column":12}},"loc":{"start":{"line":387,"column":53},"end":{"line":408,"column":3}},"line":387},"17":{"name":"(anonymous_17)","decl":{"start":{"line":390,"column":44},"end":{"line":390,"column":45}},"loc":{"start":{"line":391,"column":8},"end":{"line":391,"column":68}},"line":391},"18":{"name":"(anonymous_18)","decl":{"start":{"line":402,"column":44},"end":{"line":402,"column":45}},"loc":{"start":{"line":403,"column":8},"end":{"line":403,"column":64}},"line":403},"19":{"name":"(anonymous_19)","decl":{"start":{"line":416,"column":11},"end":{"line":416,"column":12}},"loc":{"start":{"line":416,"column":39},"end":{"line":426,"column":3}},"line":416}},"branchMap":{"0":{"loc":{"start":{"line":115,"column":4},"end":{"line":117,"column":5}},"type":"if","locations":[{"start":{"line":115,"column":4},"end":{"line":117,"column":5}},{"start":{},"end":{}}],"line":115},"1":{"loc":{"start":{"line":121,"column":6},"end":{"line":129,"column":7}},"type":"if","locations":[{"start":{"line":121,"column":6},"end":{"line":129,"column":7}},{"start":{},"end":{}}],"line":121},"2":{"loc":{"start":{"line":138,"column":10},"end":{"line":138,"column":46}},"type":"binary-expr","locations":[{"start":{"line":138,"column":10},"end":{"line":138,"column":24}},{"start":{"line":138,"column":28},"end":{"line":138,"column":46}}],"line":138},"3":{"loc":{"start":{"line":161,"column":4},"end":{"line":163,"column":5}},"type":"if","locations":[{"start":{"line":161,"column":4},"end":{"line":163,"column":5}},{"start":{},"end":{}}],"line":161},"4":{"loc":{"start":{"line":169,"column":6},"end":{"line":176,"column":7}},"type":"if","locations":[{"start":{"line":169,"column":6},"end":{"line":176,"column":7}},{"start":{},"end":{}}],"line":169},"5":{"loc":{"start":{"line":182,"column":35},"end":{"line":182,"column":54}},"type":"binary-expr","locations":[{"start":{"line":182,"column":35},"end":{"line":182,"column":49}},{"start":{"line":182,"column":53},"end":{"line":182,"column":54}}],"line":182},"6":{"loc":{"start":{"line":185,"column":4},"end":{"line":232,"column":5}},"type":"if","locations":[{"start":{"line":185,"column":4},"end":{"line":232,"column":5}},{"start":{},"end":{}}],"line":185},"7":{"loc":{"start":{"line":188,"column":8},"end":{"line":227,"column":9}},"type":"if","locations":[{"start":{"line":188,"column":8},"end":{"line":227,"column":9}},{"start":{},"end":{}}],"line":188},"8":{"loc":{"start":{"line":190,"column":10},"end":{"line":203,"column":11}},"type":"if","locations":[{"start":{"line":190,"column":10},"end":{"line":203,"column":11}},{"start":{},"end":{}}],"line":190},"9":{"loc":{"start":{"line":193,"column":12},"end":{"line":202,"column":13}},"type":"if","locations":[{"start":{"line":193,"column":12},"end":{"line":202,"column":13}},{"start":{"line":200,"column":19},"end":{"line":202,"column":13}}],"line":193},"10":{"loc":{"start":{"line":206,"column":38},"end":{"line":206,"column":67}},"type":"binary-expr","locations":[{"start":{"line":206,"column":38},"end":{"line":206,"column":53}},{"start":{"line":206,"column":57},"end":{"line":206,"column":67}}],"line":206},"11":{"loc":{"start":{"line":215,"column":10},"end":{"line":223,"column":11}},"type":"if","locations":[{"start":{"line":215,"column":10},"end":{"line":223,"column":11}},{"start":{},"end":{}}],"line":215},"12":{"loc":{"start":{"line":217,"column":12},"end":{"line":222,"column":13}},"type":"if","locations":[{"start":{"line":217,"column":12},"end":{"line":222,"column":13}},{"start":{},"end":{}}],"line":217},"13":{"loc":{"start":{"line":249,"column":10},"end":{"line":252,"column":7}},"type":"binary-expr","locations":[{"start":{"line":249,"column":10},"end":{"line":249,"column":27}},{"start":{"line":249,"column":31},"end":{"line":252,"column":7}}],"line":249},"14":{"loc":{"start":{"line":261,"column":4},"end":{"line":277,"column":5}},"type":"if","locations":[{"start":{"line":261,"column":4},"end":{"line":277,"column":5}},{"start":{},"end":{}}],"line":261},"15":{"loc":{"start":{"line":261,"column":8},"end":{"line":261,"column":62}},"type":"binary-expr","locations":[{"start":{"line":261,"column":8},"end":{"line":261,"column":26}},{"start":{"line":261,"column":30},"end":{"line":261,"column":62}}],"line":261},"16":{"loc":{"start":{"line":306,"column":4},"end":{"line":308,"column":5}},"type":"if","locations":[{"start":{"line":306,"column":4},"end":{"line":308,"column":5}},{"start":{},"end":{}}],"line":306},"17":{"loc":{"start":{"line":312,"column":6},"end":{"line":314,"column":7}},"type":"if","locations":[{"start":{"line":312,"column":6},"end":{"line":314,"column":7}},{"start":{},"end":{}}],"line":312},"18":{"loc":{"start":{"line":342,"column":4},"end":{"line":344,"column":5}},"type":"if","locations":[{"start":{"line":342,"column":4},"end":{"line":344,"column":5}},{"start":{},"end":{}}],"line":342},"19":{"loc":{"start":{"line":372,"column":4},"end":{"line":374,"column":5}},"type":"if","locations":[{"start":{"line":372,"column":4},"end":{"line":374,"column":5}},{"start":{},"end":{}}],"line":372},"20":{"loc":{"start":{"line":395,"column":4},"end":{"line":397,"column":5}},"type":"if","locations":[{"start":{"line":395,"column":4},"end":{"line":397,"column":5}},{"start":{},"end":{}}],"line":395}},"s":{"0":1,"1":2,"2":2,"3":1,"4":1,"5":2,"6":0,"7":2,"8":1,"9":1,"10":1,"11":2,"12":1,"13":1,"14":1,"15":1,"16":1,"17":3,"18":0,"19":3,"20":0,"21":3,"22":3,"23":3,"24":4,"25":3,"26":1,"27":3,"28":4,"29":3,"30":3,"31":3,"32":3,"33":3,"34":3,"35":2,"36":2,"37":1,"38":1,"39":2,"40":2,"41":2,"42":2,"43":2,"44":2,"45":2,"46":1,"47":1,"48":2,"49":2,"50":2,"51":2,"52":2,"53":1,"54":1,"55":1,"56":1,"57":1,"58":1,"59":2,"60":0,"61":2,"62":1,"63":1,"64":1,"65":2,"66":2,"67":0,"68":1,"69":1,"70":1,"71":1,"72":0,"73":1,"74":0,"75":1,"76":1,"77":1,"78":1,"79":2,"80":0,"81":2,"82":1,"83":1,"84":1,"85":3,"86":0,"87":3,"88":1,"89":2,"90":0,"91":2,"92":1,"93":1},"f":{"0":2,"1":2,"2":0,"3":2,"4":3,"5":0,"6":4,"7":4,"8":3,"9":2,"10":0,"11":2,"12":1,"13":0,"14":2,"15":0,"16":3,"17":0,"18":0,"19":1},"b":{"0":[1,1],"1":[1,1],"2":[1,1],"3":[0,3],"4":[3,1],"5":[3,1],"6":[3,0],"7":[3,0],"8":[2,1],"9":[1,1],"10":[2,1],"11":[2,0],"12":[2,0],"13":[2,1],"14":[1,1],"15":[2,1],"16":[1,1],"17":[2,0],"18":[0,1],"19":[1,1],"20":[1,2]},"_coverageSchema":"1a1c01bbd47fc00a2c39e90264f33305004495a9","hash":"b18dfe4460a584a9e1546b256eb126b68dbaa296"}
,"C:\\Users\\rsnev\\Desktop\\CAPSTONE\\TaxiTapNEW\\platform\\convex\\functions\\locations\\createLocation.ts": {"path":"C:\\Users\\rsnev\\Desktop\\CAPSTONE\\TaxiTapNEW\\platform\\convex\\functions\\locations\\createLocation.ts","statementMap":{"0":{"start":{"line":4,"column":30},"end":{"line":26,"column":2}},"1":{"start":{"line":12,"column":21},"end":{"line":15,"column":14}},"2":{"start":{"line":14,"column":35},"end":{"line":14,"column":57}},"3":{"start":{"line":16,"column":4},"end":{"line":24,"column":5}},"4":{"start":{"line":17,"column":6},"end":{"line":23,"column":9}}},"fnMap":{"0":{"name":"(anonymous_0)","decl":{"start":{"line":11,"column":11},"end":{"line":11,"column":12}},"loc":{"start":{"line":11,"column":65},"end":{"line":25,"column":3}},"line":11},"1":{"name":"(anonymous_1)","decl":{"start":{"line":14,"column":28},"end":{"line":14,"column":29}},"loc":{"start":{"line":14,"column":35},"end":{"line":14,"column":57}},"line":14}},"branchMap":{"0":{"loc":{"start":{"line":16,"column":4},"end":{"line":24,"column":5}},"type":"if","locations":[{"start":{"line":16,"column":4},"end":{"line":24,"column":5}},{"start":{},"end":{}}],"line":16}},"s":{"0":1,"1":2,"2":0,"3":2,"4":1},"f":{"0":2,"1":0},"b":{"0":[1,1]},"_coverageSchema":"1a1c01bbd47fc00a2c39e90264f33305004495a9","hash":"bc765a576c7a9b226541863588a898feac6afe43"}
,"C:\\Users\\rsnev\\Desktop\\CAPSTONE\\TaxiTapNEW\\platform\\convex\\functions\\locations\\getNearbyTaxisOnRoute.ts": {"path":"C:\\Users\\rsnev\\Desktop\\CAPSTONE\\TaxiTapNEW\\platform\\convex\\functions\\locations\\getNearbyTaxisOnRoute.ts","statementMap":{"0":{"start":{"line":6,"column":24},"end":{"line":6,"column":28}},"1":{"start":{"line":8,"column":14},"end":{"line":8,"column":52}},"2":{"start":{"line":8,"column":31},"end":{"line":8,"column":52}},"3":{"start":{"line":11,"column":15},"end":{"line":11,"column":33}},"4":{"start":{"line":12,"column":15},"end":{"line":12,"column":33}},"5":{"start":{"line":15,"column":4},"end":{"line":16,"column":75}},"6":{"start":{"line":18,"column":2},"end":{"line":18,"column":76}},"7":{"start":{"line":28,"column":52},"end":{"line":80,"column":1}},"8":{"start":{"line":32,"column":75},"end":{"line":32,"column":79}},"9":{"start":{"line":35,"column":20},"end":{"line":35,"column":58}},"10":{"start":{"line":38,"column":25},"end":{"line":52,"column":4}},"11":{"start":{"line":39,"column":18},"end":{"line":39,"column":29}},"12":{"start":{"line":41,"column":27},"end":{"line":44,"column":6}},"13":{"start":{"line":42,"column":33},"end":{"line":42,"column":49}},"14":{"start":{"line":43,"column":6},"end":{"line":43,"column":78}},"15":{"start":{"line":46,"column":25},"end":{"line":49,"column":6}},"16":{"start":{"line":47,"column":33},"end":{"line":47,"column":49}},"17":{"start":{"line":48,"column":6},"end":{"line":48,"column":84}},"18":{"start":{"line":51,"column":4},"end":{"line":51,"column":42}},"19":{"start":{"line":54,"column":2},"end":{"line":54,"column":45}},"20":{"start":{"line":54,"column":35},"end":{"line":54,"column":45}},"21":{"start":{"line":56,"column":24},"end":{"line":56,"column":26}},"22":{"start":{"line":58,"column":2},"end":{"line":77,"column":3}},"23":{"start":{"line":59,"column":27},"end":{"line":62,"column":16}},"24":{"start":{"line":61,"column":45},"end":{"line":61,"column":93}},"25":{"start":{"line":64,"column":4},"end":{"line":64,"column":46}},"26":{"start":{"line":64,"column":37},"end":{"line":64,"column":46}},"27":{"start":{"line":66,"column":26},"end":{"line":66,"column":61}},"28":{"start":{"line":66,"column":52},"end":{"line":66,"column":60}},"29":{"start":{"line":68,"column":22},"end":{"line":68,"column":63}},"30":{"start":{"line":70,"column":26},"end":{"line":74,"column":5}},"31":{"start":{"line":71,"column":6},"end":{"line":73,"column":81}},"32":{"start":{"line":72,"column":33},"end":{"line":72,"column":50}},"33":{"start":{"line":76,"column":4},"end":{"line":76,"column":41}},"34":{"start":{"line":79,"column":2},"end":{"line":79,"column":23}},"35":{"start":{"line":82,"column":45},"end":{"line":90,"column":2}}},"fnMap":{"0":{"name":"(anonymous_0)","decl":{"start":{"line":8,"column":14},"end":{"line":8,"column":15}},"loc":{"start":{"line":8,"column":31},"end":{"line":8,"column":52}},"line":8},"1":{"name":"getDistanceKm","decl":{"start":{"line":10,"column":9},"end":{"line":10,"column":22}},"loc":{"start":{"line":10,"column":87},"end":{"line":19,"column":1}},"line":10},"2":{"name":"(anonymous_2)","decl":{"start":{"line":28,"column":52},"end":{"line":28,"column":53}},"loc":{"start":{"line":31,"column":5},"end":{"line":80,"column":1}},"line":31},"3":{"name":"(anonymous_3)","decl":{"start":{"line":38,"column":42},"end":{"line":38,"column":43}},"loc":{"start":{"line":38,"column":53},"end":{"line":52,"column":3}},"line":38},"4":{"name":"(anonymous_4)","decl":{"start":{"line":41,"column":38},"end":{"line":41,"column":39}},"loc":{"start":{"line":41,"column":48},"end":{"line":44,"column":5}},"line":41},"5":{"name":"(anonymous_5)","decl":{"start":{"line":46,"column":36},"end":{"line":46,"column":37}},"loc":{"start":{"line":46,"column":46},"end":{"line":49,"column":5}},"line":46},"6":{"name":"(anonymous_6)","decl":{"start":{"line":61,"column":38},"end":{"line":61,"column":39}},"loc":{"start":{"line":61,"column":45},"end":{"line":61,"column":93}},"line":61},"7":{"name":"(anonymous_7)","decl":{"start":{"line":66,"column":45},"end":{"line":66,"column":46}},"loc":{"start":{"line":66,"column":52},"end":{"line":66,"column":60}},"line":66},"8":{"name":"(anonymous_8)","decl":{"start":{"line":70,"column":43},"end":{"line":70,"column":44}},"loc":{"start":{"line":71,"column":6},"end":{"line":73,"column":81}},"line":71},"9":{"name":"(anonymous_9)","decl":{"start":{"line":72,"column":25},"end":{"line":72,"column":26}},"loc":{"start":{"line":72,"column":33},"end":{"line":72,"column":50}},"line":72}},"branchMap":{"0":{"loc":{"start":{"line":51,"column":11},"end":{"line":51,"column":41}},"type":"binary-expr","locations":[{"start":{"line":51,"column":11},"end":{"line":51,"column":25}},{"start":{"line":51,"column":29},"end":{"line":51,"column":41}}],"line":51},"1":{"loc":{"start":{"line":54,"column":2},"end":{"line":54,"column":45}},"type":"if","locations":[{"start":{"line":54,"column":2},"end":{"line":54,"column":45}},{"start":{},"end":{}}],"line":54},"2":{"loc":{"start":{"line":64,"column":4},"end":{"line":64,"column":46}},"type":"if","locations":[{"start":{"line":64,"column":4},"end":{"line":64,"column":46}},{"start":{},"end":{}}],"line":64},"3":{"loc":{"start":{"line":71,"column":6},"end":{"line":73,"column":81}},"type":"binary-expr","locations":[{"start":{"line":71,"column":7},"end":{"line":71,"column":28}},{"start":{"line":71,"column":32},"end":{"line":71,"column":51}},{"start":{"line":72,"column":6},"end":{"line":72,"column":51}},{"start":{"line":73,"column":6},"end":{"line":73,"column":81}}],"line":71}},"s":{"0":1,"1":1,"2":16,"3":4,"4":4,"5":4,"6":4,"7":1,"8":2,"9":2,"10":2,"11":1,"12":1,"13":1,"14":1,"15":1,"16":2,"17":2,"18":1,"19":2,"20":1,"21":1,"22":1,"23":1,"24":0,"25":1,"26":0,"27":1,"28":1,"29":1,"30":1,"31":1,"32":1,"33":1,"34":1,"35":1},"f":{"0":16,"1":4,"2":2,"3":1,"4":1,"5":2,"6":0,"7":1,"8":1,"9":1},"b":{"0":[1,1],"1":[1,1],"2":[0,1],"3":[1,0,1,1]},"_coverageSchema":"1a1c01bbd47fc00a2c39e90264f33305004495a9","hash":"41404ae68c576e27a210af32baf3de81f2df999f"}
,"C:\\Users\\rsnev\\Desktop\\CAPSTONE\\TaxiTapNEW\\platform\\convex\\functions\\locations\\updateUserLocationHandler.ts": {"path":"C:\\Users\\rsnev\\Desktop\\CAPSTONE\\TaxiTapNEW\\platform\\convex\\functions\\locations\\updateUserLocationHandler.ts","statementMap":{"0":{"start":{"line":7,"column":41},"end":{"line":40,"column":1}},"1":{"start":{"line":22,"column":19},"end":{"line":25,"column":12}},"2":{"start":{"line":24,"column":38},"end":{"line":24,"column":60}},"3":{"start":{"line":28,"column":2},"end":{"line":30,"column":3}},"4":{"start":{"line":29,"column":4},"end":{"line":29,"column":38}},"5":{"start":{"line":33,"column":2},"end":{"line":39,"column":5}}},"fnMap":{"0":{"name":"(anonymous_0)","decl":{"start":{"line":7,"column":41},"end":{"line":7,"column":42}},"loc":{"start":{"line":20,"column":5},"end":{"line":40,"column":1}},"line":20},"1":{"name":"(anonymous_1)","decl":{"start":{"line":24,"column":26},"end":{"line":24,"column":27}},"loc":{"start":{"line":24,"column":38},"end":{"line":24,"column":60}},"line":24}},"branchMap":{"0":{"loc":{"start":{"line":28,"column":2},"end":{"line":30,"column":3}},"type":"if","locations":[{"start":{"line":28,"column":2},"end":{"line":30,"column":3}},{"start":{},"end":{}}],"line":28}},"s":{"0":1,"1":4,"2":0,"3":4,"4":1,"5":4},"f":{"0":4,"1":0},"b":{"0":[1,3]},"_coverageSchema":"1a1c01bbd47fc00a2c39e90264f33305004495a9","hash":"9926d016f6bbca95f03572022a1e8f74871f0d9b"}
,"C:\\Users\\rsnev\\Desktop\\CAPSTONE\\TaxiTapNEW\\platform\\convex\\functions\\rides\\RequestRideHandler.ts": {"path":"C:\\Users\\rsnev\\Desktop\\CAPSTONE\\TaxiTapNEW\\platform\\convex\\functions\\rides\\RequestRideHandler.ts","statementMap":{"0":{"start":{"line":3,"column":34},"end":{"line":117,"column":1}},"1":{"start":{"line":15,"column":2},"end":{"line":116,"column":3}},"2":{"start":{"line":18,"column":31},"end":{"line":28,"column":14}},"3":{"start":{"line":20,"column":45},"end":{"line":20,"column":82}},"4":{"start":{"line":22,"column":8},"end":{"line":26,"column":9}},"5":{"start":{"line":30,"column":4},"end":{"line":32,"column":5}},"6":{"start":{"line":31,"column":6},"end":{"line":31,"column":162}},"7":{"start":{"line":34,"column":19},"end":{"line":34,"column":82}},"8":{"start":{"line":37,"column":24},"end":{"line":37,"column":51}},"9":{"start":{"line":38,"column":25},"end":{"line":38,"column":48}},"10":{"start":{"line":39,"column":29},"end":{"line":39,"column":56}},"11":{"start":{"line":42,"column":31},"end":{"line":54,"column":5}},"12":{"start":{"line":57,"column":24},"end":{"line":59,"column":5}},"13":{"start":{"line":58,"column":21},"end":{"line":58,"column":50}},"14":{"start":{"line":61,"column":4},"end":{"line":63,"column":5}},"15":{"start":{"line":62,"column":6},"end":{"line":62,"column":108}},"16":{"start":{"line":65,"column":4},"end":{"line":77,"column":5}},"17":{"start":{"line":67,"column":6},"end":{"line":67,"column":66}},"18":{"start":{"line":68,"column":6},"end":{"line":68,"column":60}},"19":{"start":{"line":71,"column":6},"end":{"line":73,"column":7}},"20":{"start":{"line":72,"column":8},"end":{"line":72,"column":69}},"21":{"start":{"line":76,"column":6},"end":{"line":76,"column":85}},"22":{"start":{"line":80,"column":17},"end":{"line":90,"column":6}},"23":{"start":{"line":94,"column":4},"end":{"line":103,"column":6}},"24":{"start":{"line":105,"column":4},"end":{"line":111,"column":6}},"25":{"start":{"line":114,"column":4},"end":{"line":114,"column":57}},"26":{"start":{"line":115,"column":4},"end":{"line":115,"column":63}}},"fnMap":{"0":{"name":"(anonymous_0)","decl":{"start":{"line":3,"column":34},"end":{"line":3,"column":35}},"loc":{"start":{"line":14,"column":5},"end":{"line":117,"column":1}},"line":14},"1":{"name":"(anonymous_1)","decl":{"start":{"line":20,"column":33},"end":{"line":20,"column":34}},"loc":{"start":{"line":20,"column":45},"end":{"line":20,"column":82}},"line":20},"2":{"name":"(anonymous_2)","decl":{"start":{"line":21,"column":14},"end":{"line":21,"column":15}},"loc":{"start":{"line":22,"column":8},"end":{"line":26,"column":9}},"line":22},"3":{"name":"(anonymous_3)","decl":{"start":{"line":58,"column":6},"end":{"line":58,"column":7}},"loc":{"start":{"line":58,"column":21},"end":{"line":58,"column":50}},"line":58}},"branchMap":{"0":{"loc":{"start":{"line":30,"column":4},"end":{"line":32,"column":5}},"type":"if","locations":[{"start":{"line":30,"column":4},"end":{"line":32,"column":5}},{"start":{},"end":{}}],"line":30},"1":{"loc":{"start":{"line":37,"column":24},"end":{"line":37,"column":51}},"type":"binary-expr","locations":[{"start":{"line":37,"column":24},"end":{"line":37,"column":46}},{"start":{"line":37,"column":50},"end":{"line":37,"column":51}}],"line":37},"2":{"loc":{"start":{"line":38,"column":25},"end":{"line":38,"column":48}},"type":"binary-expr","locations":[{"start":{"line":38,"column":25},"end":{"line":38,"column":43}},{"start":{"line":38,"column":47},"end":{"line":38,"column":48}}],"line":38},"3":{"loc":{"start":{"line":39,"column":29},"end":{"line":39,"column":56}},"type":"binary-expr","locations":[{"start":{"line":39,"column":29},"end":{"line":39,"column":51}},{"start":{"line":39,"column":55},"end":{"line":39,"column":56}}],"line":39},"4":{"loc":{"start":{"line":61,"column":4},"end":{"line":63,"column":5}},"type":"if","locations":[{"start":{"line":61,"column":4},"end":{"line":63,"column":5}},{"start":{},"end":{}}],"line":61},"5":{"loc":{"start":{"line":65,"column":4},"end":{"line":77,"column":5}},"type":"if","locations":[{"start":{"line":65,"column":4},"end":{"line":77,"column":5}},{"start":{"line":75,"column":11},"end":{"line":77,"column":5}}],"line":65},"6":{"loc":{"start":{"line":71,"column":6},"end":{"line":73,"column":7}},"type":"if","locations":[{"start":{"line":71,"column":6},"end":{"line":73,"column":7}},{"start":{},"end":{}}],"line":71},"7":{"loc":{"start":{"line":71,"column":10},"end":{"line":71,"column":80}},"type":"binary-expr","locations":[{"start":{"line":71,"column":10},"end":{"line":71,"column":33}},{"start":{"line":71,"column":37},"end":{"line":71,"column":80}}],"line":71},"8":{"loc":{"start":{"line":88,"column":21},"end":{"line":88,"column":81}},"type":"binary-expr","locations":[{"start":{"line":88,"column":21},"end":{"line":88,"column":39}},{"start":{"line":88,"column":43},"end":{"line":88,"column":81}}],"line":88},"9":{"loc":{"start":{"line":110,"column":21},"end":{"line":110,"column":81}},"type":"binary-expr","locations":[{"start":{"line":110,"column":21},"end":{"line":110,"column":39}},{"start":{"line":110,"column":43},"end":{"line":110,"column":81}}],"line":110}},"s":{"0":1,"1":6,"2":6,"3":0,"4":0,"5":6,"6":0,"7":6,"8":6,"9":6,"10":6,"11":6,"12":6,"13":4,"14":5,"15":2,"16":3,"17":2,"18":2,"19":2,"20":2,"21":1,"22":2,"23":2,"24":2,"25":4,"26":4},"f":{"0":6,"1":0,"2":0,"3":4},"b":{"0":[0,6],"1":[6,0],"2":[6,1],"3":[6,6],"4":[2,3],"5":[2,1],"6":[2,0],"7":[2,2],"8":[2,1],"9":[2,1]},"_coverageSchema":"1a1c01bbd47fc00a2c39e90264f33305004495a9","hash":"cfab3a8df6b3f23005f6871837b99539fdee31a4"}
[...]
,"C:\\Users\\rsnev\\Desktop\\CAPSTONE\\TaxiTapNEW\\platform\\convex\\functions\\users\\UserManagement\\switchPassengertoBoth.ts": {"path":"C:\\Users\\rsnev\\Desktop\\CAPSTONE\\TaxiTapNEW\\platform\\convex\\functions\\users\\UserManagement\\switchPassengertoBoth.ts","statementMap":{"0":{"start":{"line":6,"column":44},"end":{"line":68,"column":1}},"1":{"start":{"line":11,"column":15},"end":{"line":14,"column":12}},"2":{"start":{"line":13,"column":19},"end":{"line":13,"column":52}},"3":{"start":{"line":16,"column":2},"end":{"line":18,"column":3}},"4":{"start":{"line":17,"column":4},"end":{"line":17,"column":38}},"5":{"start":{"line":20,"column":2},"end":{"line":22,"column":3}},"6":{"start":{"line":21,"column":4},"end":{"line":21,"column":57}},"7":{"start":{"line":25,"column":2},"end":{"line":30,"column":5}},"8":{"start":{"line":33,"column":32},"end":{"line":36,"column":12}},"9":{"start":{"line":35,"column":36},"end":{"line":35,"column":63}},"10":{"start":{"line":38,"column":2},"end":{"line":50,"column":3}},"11":{"start":{"line":39,"column":4},"end":{"line":49,"column":7}},"12":{"start":{"line":53,"column":27},"end":{"line":56,"column":12}},"13":{"start":{"line":55,"column":33},"end":{"line":55,"column":60}},"14":{"start":{"line":57,"column":2},"end":{"line":65,"column":3}},"15":{"start":{"line":58,"column":4},"end":{"line":64,"column":7}},"16":{"start":{"line":67,"column":2},"end":{"line":67,"column":85}},"17":{"start":{"line":70,"column":37},"end":{"line":75,"column":2}}},"fnMap":{"0":{"name":"(anonymous_0)","decl":{"start":{"line":6,"column":44},"end":{"line":6,"column":45}},"loc":{"start":{"line":9,"column":5},"end":{"line":68,"column":1}},"line":9},"1":{"name":"(anonymous_1)","decl":{"start":{"line":13,"column":12},"end":{"line":13,"column":13}},"loc":{"start":{"line":13,"column":19},"end":{"line":13,"column":52}},"line":13},"2":{"name":"(anonymous_2)","decl":{"start":{"line":35,"column":29},"end":{"line":35,"column":30}},"loc":{"start":{"line":35,"column":36},"end":{"line":35,"column":63}},"line":35},"3":{"name":"(anonymous_3)","decl":{"start":{"line":55,"column":26},"end":{"line":55,"column":27}},"loc":{"start":{"line":55,"column":33},"end":{"line":55,"column":60}},"line":55}},"branchMap":{"0":{"loc":{"start":{"line":16,"column":2},"end":{"line":18,"column":3}},"type":"if","locations":[{"start":{"line":16,"column":2},"end":{"line":18,"column":3}},{"start":{},"end":{}}],"line":16},"1":{"loc":{"start":{"line":20,"column":2},"end":{"line":22,"column":3}},"type":"if","locations":[{"start":{"line":20,"column":2},"end":{"line":22,"column":3}},{"start":{},"end":{}}],"line":20},"2":{"loc":{"start":{"line":38,"column":2},"end":{"line":50,"column":3}},"type":"if","locations":[{"start":{"line":38,"column":2},"end":{"line":50,"column":3}},{"start":{},"end":{}}],"line":38},"3":{"loc":{"start":{"line":57,"column":2},"end":{"line":65,"column":3}},"type":"if","locations":[{"start":{"line":57,"column":2},"end":{"line":65,"column":3}},{"start":{},"end":{}}],"line":57}},"s":{"0":1,"1":4,"2":0,"3":4,"4":1,"5":3,"6":1,"7":2,"8":2,"9":0,"10":2,"11":1,"12":2,"13":0,"14":2,"15":1,"16":2,"17":1},"f":{"0":4,"1":0,"2":0,"3":0},"b":{"0":[1,3],"1":[1,2],"2":[1,1],"3":[1,1]},"_coverageSchema":"1a1c01bbd47fc00a2c39e90264f33305004495a9","hash":"c846ae590b226385047791b12e22aae2d97fb11c"}
,"C:\\Users\\rsnev\\Desktop\\CAPSTONE\\TaxiTapNEW\\platform\\convex\\functions\\users\\UserManagement\\updateHomeAddress.ts": {"path":"C:\\Users\\rsnev\\Desktop\\CAPSTONE\\TaxiTapNEW\\platform\\convex\\functions\\users\\UserManagement\\updateHomeAddress.ts","statementMap":{"0":{"start":{"line":21,"column":15},"end":{"line":21,"column":44}},"1":{"start":{"line":22,"column":2},"end":{"line":24,"column":3}},"2":{"start":{"line":23,"column":4},"end":{"line":23,"column":38}},"3":{"start":{"line":27,"column":26},"end":{"line":30,"column":3}},"4":{"start":{"line":33,"column":2},"end":{"line":33,"column":46}},"5":{"start":{"line":36,"column":22},"end":{"line":36,"column":51}},"6":{"start":{"line":37,"column":2},"end":{"line":43,"column":4}},"7":{"start":{"line":46,"column":33},"end":{"line":62,"column":2}}},"fnMap":{"0":{"name":"updateHomeAddressHandler","decl":{"start":{"line":6,"column":22},"end":{"line":6,"column":46}},"loc":{"start":{"line":19,"column":2},"end":{"line":44,"column":1}},"line":19}},"branchMap":{"0":{"loc":{"start":{"line":22,"column":2},"end":{"line":24,"column":3}},"type":"if","locations":[{"start":{"line":22,"column":2},"end":{"line":24,"column":3}},{"start":{},"end":{}}],"line":22}},"s":{"0":12,"1":12,"2":1,"3":11,"4":11,"5":11,"6":11,"7":1},"f":{"0":12},"b":{"0":[1,11]},"_coverageSchema":"1a1c01bbd47fc00a2c39e90264f33305004495a9","hash":"2872754686141e879adea9d80ce648348e56a4c8"}
,"C:\\Users\\rsnev\\Desktop\\CAPSTONE\\TaxiTapNEW\\platform\\convex\\functions\\users\\UserManagement\\updateUserProfile.ts": {"path":"C:\\Users\\rsnev\\Desktop\\CAPSTONE\\TaxiTapNEW\\platform\\convex\\functions\\users\\UserManagement\\updateUserProfile.ts","statementMap":{"0":{"start":{"line":22,"column":15},"end":{"line":22,"column":44}},"1":{"start":{"line":23,"column":2},"end":{"line":25,"column":3}},"2":{"start":{"line":24,"column":4},"end":{"line":24,"column":38}},"3":{"start":{"line":28,"column":2},"end":{"line":37,"column":3}},"4":{"start":{"line":29,"column":30},"end":{"line":32,"column":14}},"5":{"start":{"line":31,"column":36},"end":{"line":31,"column":73}},"6":{"start":{"line":34,"column":4},"end":{"line":36,"column":5}},"7":{"start":{"line":35,"column":6},"end":{"line":35,"column":79}},"8":{"start":{"line":40,"column":2},"end":{"line":49,"column":3}},"9":{"start":{"line":41,"column":30},"end":{"line":44,"column":14}},"10":{"start":{"line":43,"column":36},"end":{"line":43,"column":62}},"11":{"start":{"line":46,"column":4},"end":{"line":48,"column":5}},"12":{"start":{"line":47,"column":6},"end":{"line":47,"column":72}},"13":{"start":{"line":52,"column":26},"end":{"line":56,"column":3}},"14":{"start":{"line":59,"column":2},"end":{"line":61,"column":3}},"15":{"start":{"line":60,"column":4},"end":{"line":60,"column":52}},"16":{"start":{"line":63,"column":2},"end":{"line":65,"column":3}},"17":{"start":{"line":64,"column":4},"end":{"line":64,"column":56}},"18":{"start":{"line":67,"column":0},"end":{"line":69,"column":1}},"19":{"start":{"line":68,"column":4},"end":{"line":68,"column":34}},"20":{"start":{"line":72,"column":2},"end":{"line":72,"column":46}},"21":{"start":{"line":75,"column":22},"end":{"line":75,"column":51}},"22":{"start":{"line":76,"column":2},"end":{"line":84,"column":4}},"23":{"start":{"line":87,"column":33},"end":{"line":101,"column":2}}},"fnMap":{"0":{"name":"updateUserProfileHandler","decl":{"start":{"line":6,"column":22},"end":{"line":6,"column":46}},"loc":{"start":{"line":20,"column":2},"end":{"line":85,"column":1}},"line":20},"1":{"name":"(anonymous_1)","decl":{"start":{"line":31,"column":29},"end":{"line":31,"column":30}},"loc":{"start":{"line":31,"column":36},"end":{"line":31,"column":73}},"line":31},"2":{"name":"(anonymous_2)","decl":{"start":{"line":43,"column":29},"end":{"line":43,"column":30}},"loc":{"start":{"line":43,"column":36},"end":{"line":43,"column":62}},"line":43}},"branchMap":{"0":{"loc":{"start":{"line":23,"column":2},"end":{"line":25,"column":3}},"type":"if","locations":[{"start":{"line":23,"column":2},"end":{"line":25,"column":3}},{"start":{},"end":{}}],"line":23},"1":{"loc":{"start":{"line":28,"column":2},"end":{"line":37,"column":3}},"type":"if","locations":[{"start":{"line":28,"column":2},"end":{"line":37,"column":3}},{"start":{},"end":{}}],"line":28},"2":{"loc":{"start":{"line":34,"column":4},"end":{"line":36,"column":5}},"type":"if","locations":[{"start":{"line":34,"column":4},"end":{"line":36,"column":5}},{"start":{},"end":{}}],"line":34},"3":{"loc":{"start":{"line":34,"column":8},"end":{"line":34,"column":66}},"type":"binary-expr","locations":[{"start":{"line":34,"column":8},"end":{"line":34,"column":25}},{"start":{"line":34,"column":29},"end":{"line":34,"column":66}}],"line":34},"4":{"loc":{"start":{"line":40,"column":2},"end":{"line":49,"column":3}},"type":"if","locations":[{"start":{"line":40,"column":2},"end":{"line":49,"column":3}},{"start":{},"end":{}}],"line":40},"5":{"loc":{"start":{"line":40,"column":6},"end":{"line":40,"column":45}},"type":"binary-expr","locations":[{"start":{"line":40,"column":6},"end":{"line":40,"column":16}},{"start":{"line":40,"column":20},"end":{"line":40,"column":45}}],"line":40},"6":{"loc":{"start":{"line":46,"column":4},"end":{"line":48,"column":5}},"type":"if","locations":[{"start":{"line":46,"column":4},"end":{"line":48,"column":5}},{"start":{},"end":{}}],"line":46},"7":{"loc":{"start":{"line":46,"column":8},"end":{"line":46,"column":66}},"type":"binary-expr","locations":[{"start":{"line":46,"column":8},"end":{"line":46,"column":25}},{"start":{"line":46,"column":29},"end":{"line":46,"column":66}}],"line":46},"8":{"loc":{"start":{"line":59,"column":2},"end":{"line":61,"column":3}},"type":"if","locations":[{"start":{"line":59,"column":2},"end":{"line":61,"column":3}},{"start":{},"end":{}}],"line":59},"9":{"loc":{"start":{"line":63,"column":2},"end":{"line":65,"column":3}},"type":"if","locations":[{"start":{"line":63,"column":2},"end":{"line":65,"column":3}},{"start":{},"end":{}}],"line":63},"10":{"loc":{"start":{"line":67,"column":0},"end":{"line":69,"column":1}},"type":"if","locations":[{"start":{"line":67,"column":0},"end":{"line":69,"column":1}},{"start":{},"end":{}}],"line":67}},"s":{"0":5,"1":5,"2":1,"3":4,"4":3,"5":3,"6":3,"7":0,"8":4,"9":2,"10":2,"11":2,"12":0,"13":4,"14":4,"15":1,"16":4,"17":1,"18":4,"19":3,"20":4,"21":4,"22":4,"23":1},"f":{"0":5,"1":3,"2":2},"b":{"0":[1,4],"1":[3,1],"2":[0,3],"3":[3,0],"4":[2,2],"5":[4,3],"6":[0,2],"7":[2,0],"8":[1,3],"9":[1,3],"10":[3,1]},"_coverageSchema":"1a1c01bbd47fc00a2c39e90264f33305004495a9","hash":"ea25bd21a09d155c467d0a99abc9f03f02f4eada"}
,"C:\\Users\\rsnev\\Desktop\\CAPSTONE\\TaxiTapNEW\\platform\\convex\\functions\\users\\UserManagement\\updateWorkAddress.ts": {"path":"C:\\Users\\rsnev\\Desktop\\CAPSTONE\\TaxiTapNEW\\platform\\convex\\functions\\users\\UserManagement\\updateWorkAddress.ts","statementMap":{"0":{"start":{"line":21,"column":15},"end":{"line":21,"column":44}},"1":{"start":{"line":22,"column":2},"end":{"line":24,"column":3}},"2":{"start":{"line":23,"column":4},"end":{"line":23,"column":38}},"3":{"start":{"line":27,"column":26},"end":{"line":30,"column":3}},"4":{"start":{"line":33,"column":2},"end":{"line":33,"column":46}},"5":{"start":{"line":36,"column":22},"end":{"line":36,"column":51}},"6":{"start":{"line":37,"column":2},"end":{"line":43,"column":4}},"7":{"start":{"line":46,"column":33},"end":{"line":62,"column":2}}},"fnMap":{"0":{"name":"updateWorkAddressHandler","decl":{"start":{"line":6,"column":22},"end":{"line":6,"column":46}},"loc":{"start":{"line":19,"column":2},"end":{"line":44,"column":1}},"line":19}},"branchMap":{"0":{"loc":{"start":{"line":22,"column":2},"end":{"line":24,"column":3}},"type":"if","locations":[{"start":{"line":22,"column":2},"end":{"line":24,"column":3}},{"start":{},"end":{}}],"line":22}},"s":{"0":10,"1":10,"2":1,"3":9,"4":9,"5":9,"6":9,"7":1},"f":{"0":10},"b":{"0":[1,9]},"_coverageSchema":"1a1c01bbd47fc00a2c39e90264f33305004495a9","hash":"bd00ba201bb0fd8b410e5da52b5c5693d5fd1f63"}
,"C:\\Users\\rsnev\\Desktop\\CAPSTONE\\TaxiTapNEW\\platform\\convex\\functions\\work_sessions\\endWorkSessionHandler.ts": {"path":"C:\\Users\\rsnev\\Desktop\\CAPSTONE\\TaxiTapNEW\\platform\\convex\\functions\\work_sessions\\endWorkSessionHandler.ts","statementMap":{"0":{"start":{"line":1,"column":37},"end":{"line":13,"column":1}},"1":{"start":{"line":2,"column":17},"end":{"line":6,"column":12}},"2":{"start":{"line":4,"column":50},"end":{"line":4,"column":76}},"3":{"start":{"line":8,"column":2},"end":{"line":9,"column":53}},"4":{"start":{"line":9,"column":4},"end":{"line":9,"column":53}},"5":{"start":{"line":11,"column":2},"end":{"line":11,"column":58}},"6":{"start":{"line":12,"column":2},"end":{"line":12,"column":35}}},"fnMap":{"0":{"name":"(anonymous_0)","decl":{"start":{"line":1,"column":37},"end":{"line":1,"column":38}},"loc":{"start":{"line":1,"column":93},"end":{"line":13,"column":1}},"line":1},"1":{"name":"(anonymous_1)","decl":{"start":{"line":4,"column":38},"end":{"line":4,"column":39}},"loc":{"start":{"line":4,"column":50},"end":{"line":4,"column":76}},"line":4}},"branchMap":{"0":{"loc":{"start":{"line":8,"column":2},"end":{"line":9,"column":53}},"type":"if","locations":[{"start":{"line":8,"column":2},"end":{"line":9,"column":53}},{"start":{},"end":{}}],"line":8},"1":{"loc":{"start":{"line":8,"column":6},"end":{"line":8,"column":31}},"type":"binary-expr","locations":[{"start":{"line":8,"column":6},"end":{"line":8,"column":13}},{"start":{"line":8,"column":17},"end":{"line":8,"column":31}}],"line":8}},"s":{"0":1,"1":4,"2":1,"3":4,"4":2,"5":2,"6":2},"f":{"0":4,"1":1},"b":{"0":[2,2],"1":[4,3]},"_coverageSchema":"1a1c01bbd47fc00a2c39e90264f33305004495a9","hash":"a499c32e537b631b6501ff6c2f241ff6cc95e386"}
,"C:\\Users\\rsnev\\Desktop\\CAPSTONE\\TaxiTapNEW\\platform\\convex\\functions\\work_sessions\\startWorkSessionHandler.ts": {"path":"C:\\Users\\rsnev\\Desktop\\CAPSTONE\\TaxiTapNEW\\platform\\convex\\functions\\work_sessions\\startWorkSessionHandler.ts","statementMap":{"0":{"start":{"line":4,"column":43},"end":{"line":29,"column":1}},"1":{"start":{"line":6,"column":33},"end":{"line":12,"column":14}},"2":{"start":{"line":8,"column":19},"end":{"line":11,"column":5}},"3":{"start":{"line":15,"column":22},"end":{"line":15,"column":32}},"4":{"start":{"line":16,"column":2},"end":{"line":20,"column":3}},"5":{"start":{"line":17,"column":4},"end":{"line":19,"column":7}},"6":{"start":{"line":23,"column":23},"end":{"line":26,"column":4}},"7":{"start":{"line":28,"column":2},"end":{"line":28,"column":22}}},"fnMap":{"0":{"name":"(anonymous_0)","decl":{"start":{"line":4,"column":43},"end":{"line":4,"column":44}},"loc":{"start":{"line":4,"column":102},"end":{"line":29,"column":1}},"line":4},"1":{"name":"(anonymous_1)","decl":{"start":{"line":8,"column":12},"end":{"line":8,"column":13}},"loc":{"start":{"line":8,"column":19},"end":{"line":11,"column":5}},"line":8}},"branchMap":{},"s":{"0":1,"1":2,"2":0,"3":2,"4":2,"5":2,"6":2,"7":2},"f":{"0":2,"1":0},"b":{},"_coverageSchema":"1a1c01bbd47fc00a2c39e90264f33305004495a9","hash":"30ed1257ee2b5d2fa71e9d077d7700e455744f6f"}
,"C:\\Users\\rsnev\\Desktop\\CAPSTONE\\TaxiTapNEW\\platform\\tests\\mocks\\convex-server.ts": {"path":"C:\\Users\\rsnev\\Desktop\\CAPSTONE\\TaxiTapNEW\\platform\\tests\\mocks\\convex-server.ts","statementMap":{"0":{"start":{"line":32,"column":30},"end":{"line":50,"column":2}},"1":{"start":{"line":32,"column":47},"end":{"line":50,"column":1}},"2":{"start":{"line":34,"column":31},"end":{"line":45,"column":5}},"3":{"start":{"line":35,"column":21},"end":{"line":35,"column":40}},"4":{"start":{"line":36,"column":35},"end":{"line":39,"column":7}},"5":{"start":{"line":37,"column":23},"end":{"line":37,"column":42}},"6":{"start":{"line":38,"column":21},"end":{"line":38,"column":42}},"7":{"start":{"line":40,"column":19},"end":{"line":40,"column":40}},"8":{"start":{"line":41,"column":56},"end":{"line":44,"column":7}},"9":{"start":{"line":42,"column":23},"end":{"line":42,"column":42}},"10":{"start":{"line":43,"column":21},"end":{"line":43,"column":42}},"11":{"start":{"line":52,"column":31},"end":{"line":54,"column":2}},"12":{"start":{"line":52,"column":49},"end":{"line":54,"column":1}},"13":{"start":{"line":56,"column":33},"end":{"line":63,"column":2}},"14":{"start":{"line":56,"column":53},"end":{"line":63,"column":1}},"15":{"start":{"line":66,"column":21},"end":{"line":68,"column":2}},"16":{"start":{"line":66,"column":39},"end":{"line":68,"column":1}},"17":{"start":{"line":70,"column":22},"end":{"line":72,"column":2}},"18":{"start":{"line":70,"column":40},"end":{"line":72,"column":1}},"19":{"start":{"line":74,"column":24},"end":{"line":76,"column":2}},"20":{"start":{"line":74,"column":42},"end":{"line":76,"column":1}},"21":{"start":{"line":78,"column":32},"end":{"line":80,"column":2}},"22":{"start":{"line":78,"column":50},"end":{"line":80,"column":1}}},"fnMap":{"0":{"name":"(anonymous_0)","decl":{"start":{"line":32,"column":30},"end":{"line":32,"column":31}},"loc":{"start":{"line":32,"column":47},"end":{"line":50,"column":1}},"line":32},"1":{"name":"(anonymous_1)","decl":{"start":{"line":34,"column":11},"end":{"line":34,"column":12}},"loc":{"start":{"line":34,"column":31},"end":{"line":45,"column":5}},"line":34},"2":{"name":"(anonymous_2)","decl":{"start":{"line":35,"column":15},"end":{"line":35,"column":16}},"loc":{"start":{"line":35,"column":21},"end":{"line":35,"column":40}},"line":35},"3":{"name":"(anonymous_3)","decl":{"start":{"line":36,"column":14},"end":{"line":36,"column":15}},"loc":{"start":{"line":36,"column":35},"end":{"line":39,"column":7}},"line":36},"4":{"name":"(anonymous_4)","decl":{"start":{"line":37,"column":17},"end":{"line":37,"column":18}},"loc":{"start":{"line":37,"column":23},"end":{"line":37,"column":42}},"line":37},"5":{"name":"(anonymous_5)","decl":{"start":{"line":38,"column":15},"end":{"line":38,"column":16}},"loc":{"start":{"line":38,"column":21},"end":{"line":38,"column":42}},"line":38},"6":{"name":"(anonymous_6)","decl":{"start":{"line":40,"column":13},"end":{"line":40,"column":14}},"loc":{"start":{"line":40,"column":19},"end":{"line":40,"column":40}},"line":40},"7":{"name":"(anonymous_7)","decl":{"start":{"line":41,"column":17},"end":{"line":41,"column":18}},"loc":{"start":{"line":41,"column":56},"end":{"line":44,"column":7}},"line":41},"8":{"name":"(anonymous_8)","decl":{"start":{"line":42,"column":17},"end":{"line":42,"column":18}},"loc":{"start":{"line":42,"column":23},"end":{"line":42,"column":42}},"line":42},"9":{"name":"(anonymous_9)","decl":{"start":{"line":43,"column":15},"end":{"line":43,"column":16}},"loc":{"start":{"line":43,"column":21},"end":{"line":43,"column":42}},"line":43},"10":{"name":"(anonymous_10)","decl":{"start":{"line":52,"column":31},"end":{"line":52,"column":32}},"loc":{"start":{"line":52,"column":49},"end":{"line":54,"column":1}},"line":52},"11":{"name":"(anonymous_11)","decl":{"start":{"line":56,"column":33},"end":{"line":56,"column":34}},"loc":{"start":{"line":56,"column":53},"end":{"line":63,"column":1}},"line":56},"12":{"name":"(anonymous_12)","decl":{"start":{"line":66,"column":21},"end":{"line":66,"column":22}},"loc":{"start":{"line":66,"column":39},"end":{"line":68,"column":1}},"line":66},"13":{"name":"(anonymous_13)","decl":{"start":{"line":70,"column":22},"end":{"line":70,"column":23}},"loc":{"start":{"line":70,"column":40},"end":{"line":72,"column":1}},"line":70},"14":{"name":"(anonymous_14)","decl":{"start":{"line":74,"column":24},"end":{"line":74,"column":25}},"loc":{"start":{"line":74,"column":42},"end":{"line":76,"column":1}},"line":74},"15":{"name":"(anonymous_15)","decl":{"start":{"line":78,"column":32},"end":{"line":78,"column":33}},"loc":{"start":{"line":78,"column":50},"end":{"line":80,"column":1}},"line":78}},"branchMap":{},"s":{"0":6,"1":16,"2":0,"3":0,"4":0,"5":0,"6":0,"7":0,"8":0,"9":0,"10":0,"11":6,"12":0,"13":6,"14":45,"15":6,"16":0,"17":6,"18":0,"19":6,"20":0,"21":6,"22":0},"f":{"0":16,"1":0,"2":0,"3":0,"4":0,"5":0,"6":0,"7":0,"8":0,"9":0,"10":0,"11":45,"12":0,"13":0,"14":0,"15":0},"b":{},"_coverageSchema":"1a1c01bbd47fc00a2c39e90264f33305004495a9","hash":"950ee00c1d0f0b4e202340a62af3d88d9b17d37f"}
}
