TN:
SF:convex\_generated\api.js
FNF:0
FNH:0
DA:21,3
DA:22,3
LF:2
LH:2
BRF:0
BRH:0
end_of_record
TN:
SF:convex\_generated\server.js
FNF:0
FNH:0
DA:29,22
DA:39,22
DA:49,22
DA:59,22
DA:72,22
DA:80,22
DA:89,22
LF:7
LH:7
BRF:0
BRH:0
end_of_record
TN:
SF:convex\functions\badges\badgeService.ts
FN:60,checkTrustedPayerEligibility
FN:67,(anonymous_1)
FN:68,(anonymous_2)
FN:81,(anonymous_3)
FN:95,getUserBadges
FN:110,(anonymous_5)
FN:111,(anonymous_6)
FN:114,(anonymous_7)
FN:125,awardBadge
FN:134,(anonymous_9)
FN:161,checkAndAwardTrustedPayerBadge
FN:181,getBadgeInfo
FN:188,getDriverTotalEarnings
FN:194,(anonymous_13)
FN:197,(anonymous_14)
FN:203,getTopEarners
FN:210,(anonymous_16)
FN:220,(anonymous_17)
FN:231,(anonymous_18)
FN:238,checkTopEarnerEligibility
FN:246,(anonymous_20)
FN:261,checkAndAwardTopEarnerBadge
FN:282,updateTopEarnerBadges
FN:287,(anonymous_23)
FN:292,(anonymous_24)
FN:307,(anonymous_25)
FN:319,(anonymous_26)
FN:329,(anonymous_27)
FN:347,checkMarathonDriverEligibility
FN:354,(anonymous_29)
FN:355,(anonymous_30)
FN:369,checkAndAwardMarathonDriverBadge
FNF:32
FNH:17
FNDA:16,checkTrustedPayerEligibility
FNDA:0,(anonymous_1)
FNDA:0,(anonymous_2)
FNDA:131,(anonymous_3)
FNDA:11,getUserBadges
FNDA:0,(anonymous_5)
FNDA:0,(anonymous_6)
FNDA:7,(anonymous_7)
FNDA:17,awardBadge
FNDA:0,(anonymous_9)
FNDA:7,checkAndAwardTrustedPayerBadge
FNDA:9,getBadgeInfo
FNDA:58,getDriverTotalEarnings
FNDA:0,(anonymous_13)
FNDA:215,(anonymous_14)
FNDA:18,getTopEarners
FNDA:0,(anonymous_16)
FNDA:36,(anonymous_17)
FNDA:30,(anonymous_18)
FNDA:10,checkTopEarnerEligibility
FNDA:10,(anonymous_20)
FNDA:7,checkAndAwardTopEarnerBadge
FNDA:0,updateTopEarnerBadges
FNDA:0,(anonymous_23)
FNDA:0,(anonymous_24)
FNDA:0,(anonymous_25)
FNDA:0,(anonymous_26)
FNDA:0,(anonymous_27)
FNDA:22,checkMarathonDriverEligibility
FNDA:0,(anonymous_29)
FNDA:0,(anonymous_30)
FNDA:13,checkAndAwardMarathonDriverBadge
DA:19,16
DA:65,16
DA:67,0
DA:68,0
DA:71,14
DA:72,3
DA:81,131
DA:82,11
DA:84,11
DA:108,11
DA:110,0
DA:111,0
DA:114,10
DA:132,17
DA:135,0
DA:139,17
DA:141,4
DA:148,13
DA:165,7
DA:167,6
DA:168,4
DA:172,3
DA:175,2
DA:182,9
DA:192,58
DA:194,0
DA:197,215
DA:208,18
DA:211,0
DA:219,16
DA:221,36
DA:222,36
DA:230,16
DA:231,30
DA:242,10
DA:243,9
DA:246,9
DA:247,10
DA:250,9
DA:265,7
DA:267,6
DA:268,5
DA:269,5
DA:272,4
DA:275,1
DA:286,0
DA:287,0
DA:290,0
DA:293,0
DA:301,0
DA:302,0
DA:305,0
DA:308,0
DA:312,0
DA:314,0
DA:315,0
DA:319,0
DA:323,0
DA:329,0
DA:335,0
DA:336,0
DA:352,22
DA:354,0
DA:355,0
DA:358,20
DA:373,13
DA:375,12
DA:376,6
DA:379,5
DA:382,6
LF:70
LH:45
BRDA:71,0,0,3
BRDA:71,0,1,11
BRDA:85,1,0,11
BRDA:85,1,1,11
BRDA:139,2,0,4
BRDA:139,2,1,13
BRDA:167,3,0,4
BRDA:167,3,1,2
BRDA:182,4,0,9
BRDA:182,4,1,4
BRDA:205,5,0,8
BRDA:247,6,0,10
BRDA:247,6,1,7
BRDA:267,7,0,5
BRDA:267,7,1,1
BRDA:312,8,0,0
BRDA:312,8,1,0
BRDA:314,9,0,0
BRDA:314,9,1,0
BRDA:319,10,0,0
BRDA:319,10,1,0
BRDA:329,11,0,0
BRDA:329,11,1,0
BRDA:335,12,0,0
BRDA:335,12,1,0
BRDA:375,13,0,6
BRDA:375,13,1,6
BRF:27
BRH:17
end_of_record
TN:
SF:convex\functions\earnings\earnings.ts
FN:7,startOfWeek
FN:16,startOfToday
FN:22,(anonymous_2)
FN:37,(anonymous_3)
FN:44,(anonymous_4)
FN:49,(anonymous_5)
FN:56,(anonymous_6)
FN:57,(anonymous_7)
FN:59,(anonymous_8)
FN:64,(anonymous_9)
FN:65,(anonymous_10)
FN:75,(anonymous_11)
FN:76,(anonymous_12)
FNF:13
FNH:11
FNDA:3,startOfWeek
FNDA:3,startOfToday
FNDA:3,(anonymous_2)
FNDA:0,(anonymous_3)
FNDA:0,(anonymous_4)
FNDA:12,(anonymous_5)
FNDA:10,(anonymous_6)
FNDA:10,(anonymous_7)
FNDA:84,(anonymous_8)
FNDA:70,(anonymous_9)
FNDA:4,(anonymous_10)
FNDA:4,(anonymous_11)
FNDA:2,(anonymous_12)
DA:5,1
DA:8,3
DA:9,3
DA:10,3
DA:11,3
DA:12,3
DA:13,3
DA:17,3
DA:18,3
DA:19,3
DA:22,1
DA:23,3
DA:24,3
DA:25,3
DA:27,3
DA:28,3
DA:29,3
DA:31,3
DA:32,12
DA:33,12
DA:35,12
DA:38,0
DA:42,12
DA:45,0
DA:49,12
DA:50,12
DA:51,8
DA:52,8
DA:53,8
DA:56,12
DA:57,12
DA:59,12
DA:60,84
DA:61,84
DA:63,84
DA:64,70
DA:65,4
DA:67,84
DA:73,12
DA:75,4
DA:76,2
DA:79,12
DA:90,3
DA:93,1
LF:44
LH:42
BRDA:10,0,0,0
BRDA:10,0,1,3
BRDA:50,1,0,4
BRDA:50,1,1,8
BRDA:50,2,0,12
BRDA:50,2,1,8
BRDA:52,3,0,0
BRDA:52,3,1,8
BRDA:64,4,0,70
BRDA:64,4,1,43
BRDA:73,5,0,3
BRDA:73,5,1,9
BRDA:75,6,0,4
BRDA:75,6,1,2
BRDA:83,7,0,4
BRDA:83,7,1,8
BRF:16
BRH:14
end_of_record
TN:
SF:convex\functions\earnings\endTripHandler.ts
FN:1,endTripHandler
FN:9,(anonymous_1)
FN:28,(anonymous_2)
FN:32,(anonymous_3)
FN:37,(anonymous_4)
FNF:5
FNH:2
FNDA:10,endTripHandler
FNDA:0,(anonymous_1)
FNDA:0,(anonymous_2)
FNDA:6,(anonymous_3)
FNDA:0,(anonymous_4)
DA:5,10
DA:7,4
DA:9,0
DA:12,4
DA:13,1
DA:16,3
DA:17,1
DA:20,2
DA:21,2
DA:22,1
DA:26,6
DA:28,0
DA:32,6
DA:33,6
DA:35,5
DA:37,0
DA:41,6
DA:42,2
DA:45,4
DA:46,4
DA:48,3
LF:21
LH:18
BRDA:5,0,0,4
BRDA:5,0,1,6
BRDA:12,1,0,1
BRDA:12,1,1,3
BRDA:16,2,0,1
BRDA:16,2,1,2
BRDA:21,3,0,1
BRDA:21,3,1,1
BRDA:33,4,0,1
BRDA:33,4,1,5
BRDA:41,5,0,2
BRDA:41,5,1,4
BRDA:41,6,0,6
BRDA:41,6,1,5
BRF:14
BRH:14
end_of_record
TN:
SF:convex\functions\earnings\fareHandler.ts
FN:3,getFareForLatestTripHandler
FN:12,(anonymous_1)
FN:23,(anonymous_2)
FNF:3
FNH:1
FNDA:10,getFareForLatestTripHandler
FNDA:0,(anonymous_1)
FNDA:0,(anonymous_2)
DA:7,10
DA:10,10
DA:13,0
DA:18,10
DA:21,1
DA:24,0
DA:29,1
DA:32,1
LF:8
LH:6
BRDA:18,0,0,9
BRDA:18,0,1,1
BRDA:29,1,0,0
BRDA:29,1,1,1
BRF:4
BRH:3
end_of_record
TN:
SF:convex\functions\earnings\startTripHandler.ts
FN:3,startTripHandler
FN:25,(anonymous_1)
FN:31,(anonymous_2)
FNF:3
FNH:2
FNDA:3,startTripHandler
FNDA:0,(anonymous_1)
FNDA:2,(anonymous_2)
DA:11,3
DA:12,3
DA:14,3
DA:23,3
DA:26,0
DA:31,3
DA:33,3
DA:34,1
DA:37,3
LF:9
LH:8
BRDA:33,0,0,1
BRDA:33,0,1,2
BRF:2
BRH:2
end_of_record
TN:
SF:convex\functions\feedback\averageRating.ts
FN:4,getAverageRatingHandler
FN:7,(anonymous_1)
FN:11,(anonymous_2)
FN:12,(anonymous_3)
FN:16,(anonymous_4)
FNF:5
FNH:4
FNDA:15,getAverageRatingHandler
FNDA:0,(anonymous_1)
FNDA:1039,(anonymous_2)
FNDA:1039,(anonymous_3)
FNDA:1023,(anonymous_4)
DA:5,15
DA:7,0
DA:10,14
DA:11,1039
DA:12,1039
DA:14,14
DA:16,1023
DA:17,11
DA:20,1
LF:9
LH:8
BRDA:12,0,0,1039
BRDA:12,0,1,1031
BRDA:14,1,0,3
BRDA:14,1,1,11
BRF:4
BRH:4
end_of_record
TN:
SF:convex\functions\feedback\saveFeedbackHandler.ts
FN:1,saveFeedbackHandler
FN:4,(anonymous_1)
FNF:2
FNH:1
FNDA:4,saveFeedbackHandler
FNDA:0,(anonymous_1)
DA:2,4
DA:4,0
DA:7,4
DA:8,1
DA:11,3
DA:22,3
LF:6
LH:5
BRDA:7,0,0,1
BRDA:7,0,1,3
BRF:2
BRH:2
end_of_record
TN:
SF:convex\functions\feedback\showFeedbackHandler.ts
FN:1,showFeedbackPassengerHandler
FN:4,(anonymous_1)
FN:9,(anonymous_2)
FN:18,showFeedbackDriverHandler
FN:21,(anonymous_4)
FN:26,(anonymous_5)
FNF:6
FNH:4
FNDA:2,showFeedbackPassengerHandler
FNDA:0,(anonymous_1)
FNDA:3,(anonymous_2)
FNDA:2,showFeedbackDriverHandler
FNDA:0,(anonymous_4)
FNDA:3,(anonymous_5)
DA:2,2
DA:4,0
DA:8,2
DA:10,3
DA:11,3
DA:15,2
DA:19,2
DA:21,0
DA:25,2
DA:27,3
DA:28,3
DA:32,2
LF:12
LH:10
BRDA:10,0,0,2
BRDA:10,0,1,1
BRDA:11,1,0,3
BRDA:11,1,1,1
BRDA:27,2,0,2
BRDA:27,2,1,1
BRDA:28,3,0,3
BRDA:28,3,1,1
BRF:8
BRH:8
end_of_record
TN:
SF:convex\functions\journeys\getNextLegInfo.ts
FN:13,(anonymous_0)
FN:17,(anonymous_1)
FN:44,(anonymous_2)
FN:51,(anonymous_3)
FN:59,(anonymous_4)
FN:111,(anonymous_5)
FNF:6
FNH:3
FNDA:7,(anonymous_0)
FNDA:0,(anonymous_1)
FNDA:4,(anonymous_2)
FNDA:0,(anonymous_3)
FNDA:0,(anonymous_4)
FNDA:3,(anonymous_5)
DA:8,1
DA:15,7
DA:17,0
DA:20,7
DA:21,1
DA:24,6
DA:27,6
DA:28,1
DA:34,5
DA:35,5
DA:36,1
DA:43,4
DA:44,4
DA:45,4
DA:49,4
DA:51,0
DA:54,4
DA:57,4
DA:59,0
DA:62,4
DA:63,1
DA:64,1
DA:85,3
DA:88,3
DA:89,3
DA:90,3
DA:92,3
DA:93,4
DA:94,4
DA:96,4
DA:99,4
DA:101,4
DA:109,4
DA:111,3
DA:112,3
DA:114,3
DA:116,3
DA:122,3
DA:123,2
DA:143,3
DA:152,3
LF:41
LH:38
BRDA:20,0,0,1
BRDA:20,0,1,6
BRDA:27,1,0,1
BRDA:27,1,1,5
BRDA:35,2,0,1
BRDA:35,2,1,4
BRDA:45,3,0,4
BRDA:45,3,1,0
BRDA:62,4,0,1
BRDA:62,4,1,3
BRDA:94,5,0,0
BRDA:94,5,1,4
BRDA:109,6,0,1
BRDA:109,6,1,3
BRDA:119,7,0,3
BRDA:119,7,1,0
BRDA:122,8,0,2
BRDA:122,8,1,1
BRDA:122,9,0,3
BRDA:122,9,1,3
BRF:20
BRH:17
end_of_record
TN:
SF:convex\functions\journeys\journeyStateManager.ts
FN:52,(anonymous_0)
FN:109,(anonymous_1)
FN:112,(anonymous_2)
FN:120,(anonymous_3)
FN:155,(anonymous_4)
FN:158,(anonymous_5)
FN:168,(anonymous_6)
FN:181,(anonymous_7)
FN:182,(anonymous_8)
FN:300,(anonymous_9)
FN:303,(anonymous_10)
FN:311,(anonymous_11)
FN:336,(anonymous_12)
FN:339,(anonymous_13)
FN:366,(anonymous_14)
FN:369,(anonymous_15)
FN:387,(anonymous_16)
FN:390,(anonymous_17)
FN:402,(anonymous_18)
FN:416,(anonymous_19)
FNF:20
FNH:13
FNDA:2,(anonymous_0)
FNDA:2,(anonymous_1)
FNDA:0,(anonymous_2)
FNDA:2,(anonymous_3)
FNDA:3,(anonymous_4)
FNDA:0,(anonymous_5)
FNDA:4,(anonymous_6)
FNDA:4,(anonymous_7)
FNDA:3,(anonymous_8)
FNDA:2,(anonymous_9)
FNDA:0,(anonymous_10)
FNDA:2,(anonymous_11)
FNDA:1,(anonymous_12)
FNDA:0,(anonymous_13)
FNDA:2,(anonymous_14)
FNDA:0,(anonymous_15)
FNDA:3,(anonymous_16)
FNDA:0,(anonymous_17)
FNDA:0,(anonymous_18)
FNDA:1,(anonymous_19)
DA:10,1
DA:53,2
DA:55,2
DA:95,1
DA:102,1
DA:110,2
DA:112,0
DA:115,2
DA:116,1
DA:119,1
DA:120,1
DA:121,2
DA:122,1
DA:130,1
DA:133,1
DA:142,1
DA:149,1
DA:156,3
DA:158,0
DA:161,3
DA:162,0
DA:165,3
DA:166,3
DA:168,3
DA:169,4
DA:170,3
DA:177,1
DA:180,3
DA:181,4
DA:182,3
DA:185,3
DA:186,3
DA:187,3
DA:188,3
DA:190,3
DA:191,2
DA:193,2
DA:194,1
DA:201,1
DA:206,2
DA:209,2
DA:215,2
DA:216,2
DA:217,2
DA:218,2
DA:226,2
DA:229,1
DA:230,1
DA:234,2
DA:235,2
DA:237,2
DA:245,2
DA:261,2
DA:262,1
DA:263,1
DA:268,1
DA:279,1
DA:284,1
DA:295,1
DA:301,2
DA:303,0
DA:306,2
DA:307,1
DA:310,1
DA:311,1
DA:312,2
DA:313,2
DA:315,0
DA:318,1
DA:325,1
DA:332,1
DA:337,1
DA:339,0
DA:342,1
DA:343,0
DA:346,1
DA:348,1
DA:355,1
DA:362,1
DA:367,2
DA:369,0
DA:372,2
DA:373,1
DA:376,1
DA:383,1
DA:388,3
DA:391,0
DA:395,3
DA:396,1
DA:400,2
DA:403,0
DA:407,2
DA:414,1
DA:425,1
LF:94
LH:84
BRDA:115,0,0,1
BRDA:115,0,1,1
BRDA:121,1,0,1
BRDA:121,1,1,1
BRDA:138,2,0,1
BRDA:138,2,1,1
BRDA:161,3,0,0
BRDA:161,3,1,3
BRDA:169,4,0,3
BRDA:169,4,1,1
BRDA:182,5,0,3
BRDA:182,5,1,1
BRDA:185,6,0,3
BRDA:185,6,1,0
BRDA:188,7,0,3
BRDA:188,7,1,0
BRDA:190,8,0,2
BRDA:190,8,1,1
BRDA:193,9,0,1
BRDA:193,9,1,1
BRDA:206,10,0,2
BRDA:206,10,1,1
BRDA:215,11,0,2
BRDA:215,11,1,0
BRDA:217,12,0,2
BRDA:217,12,1,0
BRDA:249,13,0,2
BRDA:249,13,1,1
BRDA:261,14,0,1
BRDA:261,14,1,1
BRDA:261,15,0,2
BRDA:261,15,1,1
BRDA:306,16,0,1
BRDA:306,16,1,1
BRDA:312,17,0,2
BRDA:312,17,1,0
BRDA:342,18,0,0
BRDA:342,18,1,1
BRDA:372,19,0,1
BRDA:372,19,1,1
BRDA:395,20,0,1
BRDA:395,20,1,2
BRF:42
BRH:35
end_of_record
TN:
SF:convex\functions\locations\createLocation.ts
FN:11,(anonymous_0)
FN:14,(anonymous_1)
FNF:2
FNH:1
FNDA:2,(anonymous_0)
FNDA:0,(anonymous_1)
DA:4,1
DA:12,2
DA:14,0
DA:16,2
DA:17,1
LF:5
LH:4
BRDA:16,0,0,1
BRDA:16,0,1,1
BRF:2
BRH:2
end_of_record
TN:
SF:convex\functions\locations\getNearbyTaxisOnRoute.ts
FN:8,(anonymous_0)
FN:10,getDistanceKm
FN:28,(anonymous_2)
FN:38,(anonymous_3)
FN:41,(anonymous_4)
FN:46,(anonymous_5)
FN:61,(anonymous_6)
FN:66,(anonymous_7)
FN:70,(anonymous_8)
FN:72,(anonymous_9)
FNF:10
FNH:9
FNDA:16,(anonymous_0)
FNDA:4,getDistanceKm
FNDA:2,(anonymous_2)
FNDA:1,(anonymous_3)
FNDA:1,(anonymous_4)
FNDA:2,(anonymous_5)
FNDA:0,(anonymous_6)
FNDA:1,(anonymous_7)
FNDA:1,(anonymous_8)
FNDA:1,(anonymous_9)
DA:6,1
DA:8,16
DA:11,4
DA:12,4
DA:15,4
DA:18,4
DA:28,1
DA:32,2
DA:35,2
DA:38,2
DA:39,1
DA:41,1
DA:42,1
DA:43,1
DA:46,1
DA:47,2
DA:48,2
DA:51,1
DA:54,2
DA:56,1
DA:58,1
DA:59,1
DA:61,0
DA:64,1
DA:66,1
DA:68,1
DA:70,1
DA:71,1
DA:72,1
DA:76,1
DA:79,1
DA:82,1
LF:32
LH:31
BRDA:51,0,0,1
BRDA:51,0,1,1
BRDA:54,1,0,1
BRDA:54,1,1,1
BRDA:64,2,0,0
BRDA:64,2,1,1
BRDA:71,3,0,1
BRDA:71,3,1,0
BRDA:71,3,2,1
BRDA:71,3,3,1
BRF:10
BRH:8
end_of_record
TN:
SF:convex\functions\locations\updateUserLocationHandler.ts
FN:7,(anonymous_0)
FN:24,(anonymous_1)
FNF:2
FNH:1
FNDA:4,(anonymous_0)
FNDA:0,(anonymous_1)
DA:7,1
DA:22,4
DA:24,0
DA:28,4
DA:29,1
DA:33,4
LF:6
LH:5
BRDA:28,0,0,1
BRDA:28,0,1,3
BRF:2
BRH:2
end_of_record
TN:
SF:convex\functions\rides\RequestRideHandler.ts
FN:3,(anonymous_0)
FN:20,(anonymous_1)
FN:21,(anonymous_2)
FN:58,(anonymous_3)
FNF:4
FNH:2
FNDA:6,(anonymous_0)
FNDA:0,(anonymous_1)
FNDA:0,(anonymous_2)
FNDA:4,(anonymous_3)
DA:3,1
DA:15,6
DA:18,6
DA:20,0
DA:22,0
DA:30,6
DA:31,0
DA:34,6
DA:37,6
DA:38,6
DA:39,6
DA:42,6
DA:57,6
DA:58,4
DA:61,5
DA:62,2
DA:65,3
DA:67,2
DA:68,2
DA:71,2
DA:72,2
DA:76,1
DA:80,2
DA:94,2
DA:105,2
DA:114,4
DA:115,4
LF:27
LH:24
BRDA:30,0,0,0
BRDA:30,0,1,6
BRDA:37,1,0,6
BRDA:37,1,1,0
BRDA:38,2,0,6
BRDA:38,2,1,1
BRDA:39,3,0,6
BRDA:39,3,1,6
BRDA:61,4,0,2
BRDA:61,4,1,3
BRDA:65,5,0,2
BRDA:65,5,1,1
BRDA:71,6,0,2
BRDA:71,6,1,0
BRDA:71,7,0,2
BRDA:71,7,1,2
BRDA:88,8,0,2
BRDA:88,8,1,1
BRDA:110,9,0,2
BRDA:110,9,1,1
BRF:20
BRH:17
end_of_record
TN:
SF:convex\functions\rides\acceptRideHandler.ts
FN:1,(anonymous_0)
FN:11,(anonymous_1)
FNF:2
FNH:1
FNDA:3,(anonymous_0)
FNDA:0,(anonymous_1)
DA:1,1
DA:9,3
DA:11,0
DA:14,3
DA:15,1
DA:17,2
DA:18,1
DA:38,1
DA:39,1
DA:40,0
DA:44,1
DA:45,1
DA:46,0
DA:48,0
DA:55,1
DA:65,1
DA:76,1
LF:17
LH:13
BRDA:14,0,0,1
BRDA:14,0,1,2
BRDA:17,1,0,1
BRDA:17,1,1,1
BRDA:39,2,0,0
BRDA:39,2,1,1
BRDA:45,3,0,0
BRDA:45,3,1,1
BRF:8
BRH:6
end_of_record
TN:
SF:convex\functions\rides\cancelRideHandler.ts
FN:1,(anonymous_0)
FN:5,(anonymous_1)
FNF:2
FNH:1
FNDA:4,(anonymous_0)
FNDA:0,(anonymous_1)
DA:1,1
DA:3,4
DA:5,0
DA:8,4
DA:9,1
DA:13,3
DA:14,1
DA:18,2
DA:23,2
DA:25,1
DA:34,1
DA:36,1
DA:47,2
LF:13
LH:12
BRDA:8,0,0,1
BRDA:8,0,1,3
BRDA:13,1,0,1
BRDA:13,1,1,2
BRDA:13,2,0,3
BRDA:13,2,1,2
BRDA:23,3,0,1
BRDA:23,3,1,1
BRDA:23,4,0,2
BRDA:23,4,1,1
BRDA:34,5,0,1
BRDA:34,5,1,0
BRDA:34,6,0,1
BRDA:34,6,1,1
BRF:14
BRH:13
end_of_record
TN:
SF:convex\functions\rides\completeRideHandler.ts
FN:3,(anonymous_0)
FN:7,(anonymous_1)
FNF:2
FNH:1
FNDA:4,(anonymous_0)
FNDA:0,(anonymous_1)
DA:3,1
DA:5,4
DA:7,0
DA:10,4
DA:11,1
DA:13,3
DA:14,1
DA:16,2
DA:17,1
DA:21,1
DA:27,1
DA:28,1
DA:30,0
DA:34,1
DA:43,1
LF:15
LH:13
BRDA:10,0,0,1
BRDA:10,0,1,3
BRDA:13,1,0,1
BRDA:13,1,1,2
BRDA:16,2,0,1
BRDA:16,2,1,1
BRF:6
BRH:6
end_of_record
TN:
SF:convex\functions\rides\declineRideHandler.ts
FN:1,(anonymous_0)
FN:5,(anonymous_1)
FNF:2
FNH:1
FNDA:4,(anonymous_0)
FNDA:0,(anonymous_1)
DA:1,1
DA:3,4
DA:5,0
DA:8,4
DA:9,3
DA:10,2
DA:13,1
DA:16,1
DA:26,1
LF:9
LH:8
BRDA:8,0,0,1
BRDA:8,0,1,3
BRDA:9,1,0,1
BRDA:9,1,1,2
BRDA:10,2,0,1
BRDA:10,2,1,1
BRDA:10,3,0,2
BRDA:10,3,1,1
BRF:8
BRH:8
end_of_record
TN:
SF:convex\functions\rides\endRideHandler.ts
FN:3,(anonymous_0)
FN:13,(anonymous_1)
FN:33,(anonymous_2)
FN:37,(anonymous_3)
FNF:4
FNH:1
FNDA:8,(anonymous_0)
FNDA:0,(anonymous_1)
FNDA:0,(anonymous_2)
FNDA:0,(anonymous_3)
DA:3,1
DA:4,8
DA:6,8
DA:7,0
DA:11,8
DA:13,0
DA:16,8
DA:17,1
DA:20,7
DA:21,1
DA:25,6
DA:26,1
DA:32,5
DA:33,5
DA:34,0
DA:37,0
DA:40,5
DA:41,1
DA:45,4
DA:46,0
DA:47,0
DA:56,4
DA:62,4
DA:63,4
DA:64,4
DA:66,0
DA:71,4
DA:72,4
DA:84,1
DA:88,4
DA:93,4
LF:31
LH:24
BRDA:6,0,0,0
BRDA:6,0,1,8
BRDA:6,1,0,8
BRDA:6,1,1,8
BRDA:16,2,0,1
BRDA:16,2,1,7
BRDA:20,3,0,1
BRDA:20,3,1,6
BRDA:25,4,0,1
BRDA:25,4,1,5
BRDA:25,5,0,6
BRDA:25,5,1,5
BRDA:25,5,2,4
BRDA:34,6,0,0
BRDA:34,6,1,0
BRDA:40,7,0,1
BRDA:40,7,1,4
BRDA:40,8,0,5
BRDA:40,8,1,5
BRDA:45,9,0,0
BRDA:45,9,1,4
BRDA:45,10,0,4
BRDA:45,10,1,0
BRDA:49,11,0,0
BRDA:49,11,1,0
BRDA:62,12,0,4
BRDA:62,12,1,0
BRF:27
BRH:19
end_of_record
TN:
SF:convex\functions\rides\getActiveTripsHandler.ts
FN:5,(anonymous_0)
FN:8,(anonymous_1)
FN:9,(anonymous_2)
FN:14,(anonymous_3)
FN:15,(anonymous_4)
FN:88,(anonymous_5)
FN:96,(anonymous_6)
FN:181,(anonymous_7)
FN:184,(anonymous_8)
FN:223,(anonymous_9)
FN:227,(anonymous_10)
FN:228,(anonymous_11)
FNF:12
FNH:4
FNDA:5,(anonymous_0)
FNDA:0,(anonymous_1)
FNDA:0,(anonymous_2)
FNDA:0,(anonymous_3)
FNDA:0,(anonymous_4)
FNDA:4,(anonymous_5)
FNDA:0,(anonymous_6)
FNDA:1,(anonymous_7)
FNDA:0,(anonymous_8)
FNDA:1,(anonymous_9)
FNDA:0,(anonymous_10)
FNDA:0,(anonymous_11)
DA:5,1
DA:6,5
DA:8,0
DA:9,0
DA:12,5
DA:14,0
DA:15,0
DA:18,5
DA:19,5
DA:20,5
DA:21,5
DA:22,5
DA:23,5
DA:25,5
DA:26,5
DA:27,1
DA:29,5
DA:30,1
DA:33,5
DA:34,5
DA:36,4
DA:38,4
DA:54,5
DA:55,2
DA:56,2
DA:58,1
DA:60,1
DA:77,5
DA:88,1
DA:94,4
DA:96,0
DA:99,4
DA:103,4
DA:104,4
DA:105,4
DA:106,4
DA:108,4
DA:109,1
DA:110,1
DA:111,3
DA:112,1
DA:113,2
DA:114,1
DA:115,1
DA:117,1
DA:118,1
DA:122,4
DA:135,4
DA:136,4
DA:137,4
DA:138,4
DA:140,4
DA:142,4
DA:144,3
DA:145,1
DA:147,1
DA:150,4
DA:155,4
DA:158,0
DA:164,4
DA:166,4
DA:181,1
DA:182,1
DA:184,0
DA:187,1
DA:188,0
DA:191,1
DA:195,1
DA:198,1
DA:199,1
DA:200,1
DA:204,0
DA:205,0
DA:206,0
DA:207,0
DA:208,0
DA:209,0
DA:210,0
DA:211,0
DA:212,0
DA:215,1
DA:217,1
DA:223,1
DA:225,1
DA:227,0
DA:229,0
DA:254,1
DA:256,1
DA:257,2
DA:258,2
DA:260,2
DA:261,2
DA:263,2
DA:264,1
DA:265,1
DA:266,1
DA:267,0
DA:269,0
DA:270,0
DA:274,2
DA:275,2
DA:293,1
LF:102
LH:80
BRDA:26,0,0,4
BRDA:26,0,1,1
BRDA:27,1,0,1
BRDA:27,1,1,0
BRDA:27,2,0,1
BRDA:27,2,1,0
BRDA:29,3,0,1
BRDA:29,3,1,4
BRDA:29,4,0,5
BRDA:29,4,1,1
BRDA:29,4,2,1
BRDA:34,5,0,4
BRDA:34,5,1,1
BRDA:42,6,0,4
BRDA:42,6,1,1
BRDA:42,6,2,0
BRDA:43,7,0,4
BRDA:43,7,1,1
BRDA:44,8,0,4
BRDA:44,8,1,2
BRDA:45,9,0,4
BRDA:45,9,1,3
BRDA:46,10,0,4
BRDA:46,10,1,3
BRDA:47,11,0,4
BRDA:47,11,1,3
BRDA:48,12,0,4
BRDA:48,12,1,4
BRDA:56,13,0,1
BRDA:56,13,1,1
BRDA:64,14,0,1
BRDA:64,14,1,0
BRDA:64,14,2,0
BRDA:65,15,0,1
BRDA:65,15,1,0
BRDA:67,16,0,1
BRDA:67,16,1,1
BRDA:68,17,0,1
BRDA:68,17,1,1
BRDA:69,18,0,1
BRDA:69,18,1,1
BRDA:70,19,0,1
BRDA:70,19,1,1
BRDA:71,20,0,1
BRDA:71,20,1,1
BRDA:99,21,0,0
BRDA:99,21,1,4
BRDA:103,22,0,4
BRDA:103,22,1,0
BRDA:103,22,2,0
BRDA:108,23,0,1
BRDA:108,23,1,3
BRDA:111,24,0,1
BRDA:111,24,1,2
BRDA:113,25,0,1
BRDA:113,25,1,1
BRDA:124,26,0,3
BRDA:124,26,1,1
BRDA:129,27,0,3
BRDA:129,27,1,1
BRDA:135,28,0,4
BRDA:135,28,1,0
BRDA:138,29,0,4
BRDA:138,29,1,0
BRDA:142,30,0,3
BRDA:142,30,1,1
BRDA:142,31,0,4
BRDA:142,31,1,3
BRDA:145,32,0,1
BRDA:145,32,1,0
BRDA:164,33,0,1
BRDA:164,33,1,3
BRDA:171,34,0,1
BRDA:171,34,1,3
BRDA:173,35,0,1
BRDA:173,35,1,2
BRDA:175,36,0,1
BRDA:175,36,1,1
BRDA:187,37,0,0
BRDA:187,37,1,1
BRDA:198,38,0,1
BRDA:198,38,1,0
BRDA:204,39,0,0
BRDA:204,39,1,0
BRDA:205,40,0,0
BRDA:205,40,1,0
BRDA:205,40,2,0
BRDA:258,41,0,2
BRDA:258,41,1,0
BRDA:261,42,0,2
BRDA:261,42,1,0
BRDA:263,43,0,1
BRDA:263,43,1,1
BRDA:264,44,0,1
BRDA:264,44,1,0
BRDA:265,45,0,1
BRDA:265,45,1,0
BRDA:266,46,0,1
BRDA:266,46,1,0
BRDA:267,47,0,0
BRDA:267,47,1,0
BRDA:267,48,0,0
BRDA:267,48,1,0
BRDA:269,49,0,0
BRDA:269,49,1,0
BRDA:269,49,2,0
BRDA:274,50,0,2
BRDA:274,50,1,0
BRDA:279,51,0,2
BRDA:279,51,1,2
BRDA:279,51,2,2
BRDA:280,52,0,2
BRDA:280,52,1,2
BRDA:284,53,0,2
BRDA:284,53,1,2
BRDA:285,54,0,2
BRDA:285,54,1,2
BRDA:286,55,0,2
BRDA:286,55,1,1
BRF:119
BRH:87
end_of_record
TN:
SF:convex\functions\rides\getChange.ts
FN:6,(anonymous_0)
FN:26,(anonymous_1)
FN:29,(anonymous_2)
FN:55,(anonymous_3)
FN:58,(anonymous_4)
FN:85,(anonymous_5)
FN:102,(anonymous_6)
FN:107,(anonymous_7)
FN:114,(anonymous_8)
FNF:9
FNH:4
FNDA:3,(anonymous_0)
FNDA:0,(anonymous_1)
FNDA:1,(anonymous_2)
FNDA:2,(anonymous_3)
FNDA:0,(anonymous_4)
FNDA:2,(anonymous_5)
FNDA:0,(anonymous_6)
FNDA:0,(anonymous_7)
FNDA:0,(anonymous_8)
DA:6,1
DA:10,3
DA:11,3
DA:12,1
DA:15,2
DA:16,2
DA:17,1
DA:20,1
DA:21,1
DA:22,1
DA:24,1
DA:26,0
DA:29,1
DA:30,1
DA:31,1
DA:32,1
DA:35,1
DA:55,1
DA:56,2
DA:58,0
DA:61,2
DA:63,2
DA:64,2
DA:65,2
DA:66,2
DA:68,2
DA:69,1
DA:70,1
DA:82,2
DA:85,1
DA:89,2
DA:90,2
DA:92,1
DA:93,1
DA:98,1
DA:102,0
DA:105,1
DA:107,0
DA:110,1
DA:114,0
LF:40
LH:35
BRDA:11,0,0,1
BRDA:11,0,1,2
BRDA:16,1,0,1
BRDA:16,1,1,1
BRDA:20,2,0,1
BRDA:20,2,1,0
BRDA:21,3,0,1
BRDA:21,3,1,0
BRDA:21,3,2,0
BRDA:22,4,0,1
BRDA:22,4,1,0
BRDA:30,5,0,1
BRDA:30,5,1,0
BRDA:31,6,0,1
BRDA:31,6,1,0
BRDA:31,6,2,0
BRDA:32,7,0,1
BRDA:32,7,1,1
BRDA:64,8,0,2
BRDA:64,8,1,0
BRDA:64,8,2,0
BRDA:65,9,0,2
BRDA:65,9,1,0
BRDA:66,10,0,1
BRDA:66,10,1,1
BRDA:68,11,0,1
BRDA:68,11,1,1
BRDA:68,12,0,2
BRDA:68,12,1,1
BRDA:68,12,2,1
BRDA:73,13,0,1
BRDA:73,13,1,0
BRDA:74,14,0,1
BRDA:74,14,1,0
BRDA:90,15,0,1
BRDA:90,15,1,1
BRF:36
BRH:24
end_of_record
TN:
SF:convex\functions\rides\setFrontPassenger.ts
FN:6,(anonymous_0)
FN:9,(anonymous_1)
FN:22,(anonymous_2)
FN:23,(anonymous_3)
FN:49,(anonymous_4)
FN:52,(anonymous_5)
FN:73,(anonymous_6)
FN:76,(anonymous_7)
FN:77,(anonymous_8)
FN:102,(anonymous_9)
FN:108,(anonymous_10)
FN:109,(anonymous_11)
FN:141,(anonymous_12)
FN:147,(anonymous_13)
FN:150,(anonymous_14)
FN:177,(anonymous_15)
FN:182,(anonymous_16)
FN:187,(anonymous_17)
FN:192,(anonymous_18)
FN:198,(anonymous_19)
FNF:20
FNH:5
FNDA:4,(anonymous_0)
FNDA:0,(anonymous_1)
FNDA:0,(anonymous_2)
FNDA:0,(anonymous_3)
FNDA:2,(anonymous_4)
FNDA:0,(anonymous_5)
FNDA:2,(anonymous_6)
FNDA:0,(anonymous_7)
FNDA:0,(anonymous_8)
FNDA:2,(anonymous_9)
FNDA:0,(anonymous_10)
FNDA:0,(anonymous_11)
FNDA:2,(anonymous_12)
FNDA:0,(anonymous_13)
FNDA:0,(anonymous_14)
FNDA:0,(anonymous_15)
FNDA:0,(anonymous_16)
FNDA:0,(anonymous_17)
FNDA:0,(anonymous_18)
FNDA:0,(anonymous_19)
DA:6,1
DA:7,4
DA:9,0
DA:12,4
DA:13,3
DA:14,1
DA:17,2
DA:18,2
DA:20,2
DA:22,0
DA:23,0
DA:26,2
DA:27,1
DA:28,1
DA:36,2
DA:42,2
DA:49,1
DA:50,2
DA:52,0
DA:55,2
DA:56,2
DA:57,1
DA:60,1
DA:66,1
DA:73,1
DA:74,2
DA:76,0
DA:78,0
DA:85,2
DA:86,1
DA:89,1
DA:91,1
DA:102,1
DA:106,2
DA:108,0
DA:110,0
DA:117,2
DA:118,1
DA:121,1
DA:125,1
DA:141,1
DA:145,2
DA:148,0
DA:150,0
DA:153,2
DA:154,2
DA:155,1
DA:156,1
DA:157,1
DA:170,2
DA:175,1
DA:177,0
DA:180,1
DA:182,0
DA:185,1
DA:187,0
DA:190,1
DA:193,0
DA:196,1
DA:199,0
LF:60
LH:45
BRDA:12,0,0,1
BRDA:12,0,1,3
BRDA:13,1,0,1
BRDA:13,1,1,2
BRDA:18,2,0,0
BRDA:18,2,1,2
BRDA:27,3,0,1
BRDA:27,3,1,0
BRDA:27,4,0,1
BRDA:27,4,1,1
BRDA:55,5,0,0
BRDA:55,5,1,2
BRDA:56,6,0,1
BRDA:56,6,1,1
BRDA:85,7,0,1
BRDA:85,7,1,1
BRDA:117,8,0,1
BRDA:117,8,1,1
BRDA:121,9,0,1
BRDA:121,9,1,0
BRDA:130,10,0,1
BRDA:130,10,1,0
BRDA:131,11,0,1
BRDA:131,11,1,0
BRDA:156,12,0,1
BRDA:156,12,1,0
BRF:26
BRH:19
end_of_record
TN:
SF:convex\functions\rides\tripPaidHandler.ts
FN:6,(anonymous_0)
FN:17,(anonymous_1)
FN:91,(anonymous_2)
FN:93,(anonymous_3)
FNF:4
FNH:1
FNDA:10,(anonymous_0)
FNDA:0,(anonymous_1)
FNDA:0,(anonymous_2)
FNDA:0,(anonymous_3)
DA:6,1
DA:15,10
DA:17,0
DA:20,10
DA:21,1
DA:24,9
DA:25,1
DA:28,8
DA:36,8
DA:37,4
DA:38,4
DA:39,4
DA:41,4
DA:43,4
DA:45,1
DA:46,3
DA:48,1
DA:49,2
DA:51,1
DA:52,1
DA:54,1
DA:57,4
DA:61,4
DA:64,0
DA:70,8
DA:71,6
DA:72,6
DA:73,5
DA:74,4
DA:77,1
DA:82,8
DA:89,1
DA:92,0
DA:93,0
DA:96,0
DA:97,0
LF:36
LH:30
BRDA:20,0,0,1
BRDA:20,0,1,9
BRDA:24,1,0,1
BRDA:24,1,1,8
BRDA:31,2,0,8
BRDA:31,2,1,6
BRDA:36,3,0,4
BRDA:36,3,1,4
BRDA:39,4,0,4
BRDA:39,4,1,0
BRDA:43,5,0,1
BRDA:43,5,1,3
BRDA:43,6,0,4
BRDA:43,6,1,3
BRDA:46,7,0,1
BRDA:46,7,1,2
BRDA:46,8,0,3
BRDA:46,8,1,2
BRDA:49,9,0,1
BRDA:49,9,1,1
BRDA:49,10,0,2
BRDA:49,10,1,1
BRDA:52,11,0,1
BRDA:52,11,1,0
BRDA:70,12,0,6
BRDA:70,12,1,2
BRDA:73,13,0,4
BRDA:73,13,1,1
BRDA:84,14,0,6
BRDA:84,14,1,2
BRDA:96,15,0,0
BRDA:96,15,1,0
BRF:32
BRH:28
end_of_record
TN:
SF:convex\functions\routes\displayRoutes.ts
FN:27,(anonymous_0)
FN:33,(anonymous_1)
FN:44,(anonymous_2)
FN:68,(anonymous_3)
FN:92,(anonymous_4)
FN:95,(anonymous_5)
FN:103,(anonymous_6)
FN:120,(anonymous_7)
FN:123,(anonymous_8)
FN:124,(anonymous_9)
FN:210,(anonymous_10)
FNF:11
FNH:10
FNDA:118,(anonymous_0)
FNDA:146,(anonymous_1)
FNDA:49,(anonymous_2)
FNDA:2,(anonymous_3)
FNDA:6,(anonymous_4)
FNDA:0,(anonymous_5)
FNDA:12,(anonymous_6)
FNDA:18,(anonymous_7)
FNDA:59,(anonymous_8)
FNDA:81,(anonymous_9)
FNDA:7,(anonymous_10)
DA:27,2
DA:28,118
DA:30,81
DA:33,146
DA:44,2
DA:45,49
DA:48,48
DA:63,2
DA:69,2
DA:70,2
DA:71,2
DA:73,1
DA:74,1
DA:90,2
DA:93,6
DA:95,0
DA:98,6
DA:99,2
DA:103,4
DA:104,12
DA:120,2
DA:121,18
DA:123,18
DA:124,81
DA:125,59
DA:128,59
DA:130,59
DA:131,9
DA:145,50
DA:146,50
DA:148,50
DA:149,1
DA:163,49
DA:164,49
DA:166,49
DA:171,49
DA:178,49
DA:179,49
DA:181,49
DA:205,2
DA:211,7
DA:213,7
DA:214,7
DA:215,7
DA:217,7
DA:235,2
LF:46
LH:45
BRDA:28,0,0,37
BRDA:28,0,1,81
BRDA:45,1,0,1
BRDA:45,1,1,48
BRDA:45,2,0,49
BRDA:45,2,1,48
BRDA:98,3,0,2
BRDA:98,3,1,4
BRDA:98,4,0,6
BRDA:98,4,1,4
BRDA:98,4,2,4
BRDA:104,5,0,12
BRDA:104,5,1,12
BRDA:104,5,2,12
BRDA:104,5,3,10
BRDA:104,5,4,10
BRDA:124,6,0,59
BRDA:124,6,1,0
BRDA:130,7,0,9
BRDA:130,7,1,50
BRDA:130,8,0,59
BRDA:130,8,1,58
BRDA:133,9,0,9
BRDA:133,9,1,0
BRDA:134,10,0,9
BRDA:134,10,1,7
BRDA:148,11,0,1
BRDA:148,11,1,49
BRDA:148,12,0,50
BRDA:148,12,1,50
BRDA:148,12,2,49
BRDA:148,12,3,49
BRDA:151,13,0,1
BRDA:151,13,1,0
BRDA:152,14,0,1
BRDA:152,14,1,0
BRDA:184,15,0,49
BRDA:184,15,1,0
BRDA:185,16,0,49
BRDA:185,16,1,30
BRDA:210,17,0,2
BRDA:210,18,0,2
BRF:42
BRH:37
end_of_record
TN:
SF:convex\functions\routes\getRecentRoutesHandler.ts
FN:1,(anonymous_0)
FN:4,(anonymous_1)
FN:9,(anonymous_2)
FNF:3
FNH:3
FNDA:4,(anonymous_0)
FNDA:1,(anonymous_1)
FNDA:7,(anonymous_2)
DA:1,1
DA:2,4
DA:4,1
DA:8,4
DA:9,7
LF:5
LH:5
BRF:0
BRH:0
end_of_record
TN:
SF:convex\functions\routes\mutations.ts
FN:35,(anonymous_0)
FN:39,(anonymous_1)
FN:54,(anonymous_2)
FNF:3
FNH:1
FNDA:8,(anonymous_0)
FNDA:0,(anonymous_1)
FNDA:0,(anonymous_2)
DA:30,1
DA:37,8
DA:40,0
DA:47,8
DA:48,1
DA:52,7
DA:54,0
DA:57,7
DA:58,1
DA:62,6
DA:63,6
DA:66,6
DA:72,5
LF:13
LH:11
BRDA:47,0,0,1
BRDA:47,0,1,7
BRDA:57,1,0,1
BRDA:57,1,1,6
BRF:4
BRH:4
end_of_record
TN:
SF:convex\functions\routes\queries.ts
FN:25,locationMatches
FN:39,parseRouteName
FN:61,(anonymous_2)
FN:65,(anonymous_3)
FN:80,(anonymous_4)
FN:108,(anonymous_5)
FN:112,(anonymous_6)
FN:114,(anonymous_7)
FN:128,(anonymous_8)
FN:131,(anonymous_9)
FN:134,(anonymous_10)
FN:136,(anonymous_11)
FN:149,(anonymous_12)
FN:162,(anonymous_13)
FN:165,(anonymous_14)
FN:173,(anonymous_15)
FN:175,(anonymous_16)
FN:205,(anonymous_17)
FN:209,(anonymous_18)
FN:224,(anonymous_19)
FN:229,(anonymous_20)
FN:242,(anonymous_21)
FN:259,(anonymous_22)
FN:278,(anonymous_23)
FN:281,(anonymous_24)
FN:301,(anonymous_25)
FN:305,(anonymous_26)
FNF:27
FNH:19
FNDA:0,locationMatches
FNDA:11,parseRouteName
FNDA:4,(anonymous_2)
FNDA:0,(anonymous_3)
FNDA:0,(anonymous_4)
FNDA:1,(anonymous_5)
FNDA:1,(anonymous_6)
FNDA:2,(anonymous_7)
FNDA:3,(anonymous_8)
FNDA:0,(anonymous_9)
FNDA:5,(anonymous_10)
FNDA:6,(anonymous_11)
FNDA:2,(anonymous_12)
FNDA:3,(anonymous_13)
FNDA:0,(anonymous_14)
FNDA:3,(anonymous_15)
FNDA:5,(anonymous_16)
FNDA:4,(anonymous_17)
FNDA:0,(anonymous_18)
FNDA:0,(anonymous_19)
FNDA:3,(anonymous_20)
FNDA:3,(anonymous_21)
FNDA:3,(anonymous_22)
FNDA:4,(anonymous_23)
FNDA:0,(anonymous_24)
FNDA:3,(anonymous_25)
FNDA:6,(anonymous_26)
DA:26,0
DA:27,0
DA:29,0
DA:40,11
DA:41,11
DA:59,2
DA:63,4
DA:65,0
DA:68,4
DA:69,2
DA:70,2
DA:78,2
DA:80,0
DA:83,2
DA:84,1
DA:87,1
DA:88,1
DA:106,2
DA:109,1
DA:110,1
DA:112,1
DA:114,2
DA:127,2
DA:129,3
DA:131,0
DA:134,3
DA:135,5
DA:136,6
DA:138,5
DA:149,2
DA:160,2
DA:163,3
DA:166,0
DA:173,3
DA:174,3
DA:175,5
DA:177,3
DA:203,2
DA:207,4
DA:209,0
DA:212,4
DA:213,1
DA:222,3
DA:224,0
DA:228,3
DA:230,3
DA:231,3
DA:241,3
DA:242,3
DA:244,3
DA:259,3
DA:276,2
DA:279,4
DA:281,0
DA:284,4
DA:285,2
DA:288,2
DA:289,2
DA:299,2
DA:302,3
DA:303,3
DA:305,3
DA:306,6
DA:307,5
DA:311,3
LF:65
LH:55
BRDA:29,0,0,0
BRDA:29,0,1,0
BRDA:42,1,0,11
BRDA:42,1,1,0
BRDA:43,2,0,11
BRDA:43,2,1,0
BRDA:68,3,0,2
BRDA:68,3,1,2
BRDA:83,4,0,1
BRDA:83,4,1,1
BRDA:212,5,0,1
BRDA:212,5,1,3
BRDA:233,6,0,3
BRDA:233,6,1,0
BRDA:236,7,0,3
BRDA:236,7,1,1
BRDA:284,8,0,2
BRDA:284,8,1,2
BRDA:284,9,0,4
BRDA:284,9,1,3
BRDA:306,10,0,5
BRDA:306,10,1,1
BRF:22
BRH:17
end_of_record
TN:
SF:convex\functions\taxis\displayTaxis.ts
FN:5,getAvailableTaxisHandler
FN:9,(anonymous_1)
FNF:2
FNH:1
FNDA:4,getAvailableTaxisHandler
FNDA:0,(anonymous_1)
DA:7,4
DA:9,0
DA:12,3
DA:14,3
DA:15,5
DA:16,5
DA:18,4
DA:19,4
DA:21,3
DA:32,3
DA:35,1
LF:11
LH:10
BRDA:16,0,0,1
BRDA:16,0,1,4
BRDA:19,1,0,1
BRDA:19,1,1,3
BRDA:23,2,0,3
BRDA:23,2,1,2
BRF:6
BRH:6
end_of_record
TN:
SF:convex\functions\taxis\getTaxiForDriverHandler.ts
FN:7,getTaxiForDriverHandler
FN:14,(anonymous_1)
FN:25,(anonymous_2)
FNF:3
FNH:1
FNDA:3,getTaxiForDriverHandler
FNDA:0,(anonymous_1)
FNDA:0,(anonymous_2)
DA:12,3
DA:14,0
DA:17,3
DA:19,1
DA:23,2
DA:25,0
DA:28,2
LF:7
LH:5
BRDA:17,0,0,1
BRDA:17,0,1,2
BRDA:28,1,0,2
BRDA:28,1,1,1
BRF:4
BRH:4
end_of_record
TN:
SF:convex\functions\taxis\updateAvailableSeatsHandler.ts
FN:1,updateTaxiSeatAvailabilityHandler
FN:7,(anonymous_1)
FN:15,(anonymous_2)
FN:22,(anonymous_3)
FNF:4
FNH:1
FNDA:18,updateTaxiSeatAvailabilityHandler
FNDA:0,(anonymous_1)
FNDA:0,(anonymous_2)
FNDA:0,(anonymous_3)
DA:2,18
DA:4,18
DA:5,18
DA:7,0
DA:10,18
DA:11,16
DA:13,15
DA:15,0
DA:18,15
DA:20,14
DA:22,0
DA:25,14
DA:27,13
DA:29,13
DA:32,13
DA:33,0
DA:36,13
DA:41,13
DA:47,5
DA:48,5
LF:20
LH:16
BRDA:10,0,0,2
BRDA:10,0,1,16
BRDA:11,1,0,1
BRDA:11,1,1,15
BRDA:18,2,0,1
BRDA:18,2,1,14
BRDA:25,3,0,1
BRDA:25,3,1,13
BRDA:27,4,0,13
BRDA:27,4,1,1
BRDA:29,5,0,8
BRDA:29,5,1,5
BRDA:32,6,0,0
BRDA:32,6,1,13
BRF:14
BRH:13
end_of_record
TN:
SF:convex\functions\taxis\updateTaxiInfoHandler.ts
FN:9,updateTaxiInfoHandler
FN:30,(anonymous_1)
FN:40,(anonymous_2)
FNF:3
FNH:1
FNDA:3,updateTaxiInfoHandler
FNDA:0,(anonymous_1)
FNDA:0,(anonymous_2)
DA:23,3
DA:24,0
DA:28,3
DA:30,0
DA:33,3
DA:34,1
DA:38,2
DA:40,0
DA:43,2
DA:44,1
DA:48,1
DA:49,1
DA:51,1
LF:13
LH:10
BRDA:23,0,0,0
BRDA:23,0,1,3
BRDA:23,1,0,3
BRDA:23,1,1,0
BRDA:33,2,0,1
BRDA:33,2,1,2
BRDA:43,3,0,1
BRDA:43,3,1,1
BRF:8
BRH:6
end_of_record
TN:
SF:convex\functions\taxis\viewTaxiInfoHandler.ts
FN:5,viewTaxiInfoHandler
FN:9,(anonymous_1)
FN:10,(anonymous_2)
FN:48,(anonymous_3)
FN:58,(anonymous_4)
FNF:5
FNH:1
FNDA:5,viewTaxiInfoHandler
FNDA:0,(anonymous_1)
FNDA:0,(anonymous_2)
FNDA:0,(anonymous_3)
FNDA:0,(anonymous_4)
DA:7,5
DA:9,0
DA:11,0
DA:20,5
DA:21,1
DA:25,4
DA:26,1
DA:46,3
DA:48,0
DA:51,3
DA:52,1
DA:56,2
DA:58,0
DA:61,2
DA:62,1
DA:66,1
DA:68,1
LF:17
LH:13
BRDA:20,0,0,1
BRDA:20,0,1,4
BRDA:25,1,0,1
BRDA:25,1,1,3
BRDA:51,2,0,1
BRDA:51,2,1,2
BRDA:61,3,0,1
BRDA:61,3,1,1
BRF:8
BRH:8
end_of_record
TN:
SF:convex\functions\users\wallet.ts
FN:65,(anonymous_0)
FN:70,(anonymous_1)
FN:71,(anonymous_2)
FN:80,(anonymous_3)
FN:84,(anonymous_4)
FN:99,(anonymous_5)
FN:105,(anonymous_6)
FN:110,(anonymous_7)
FN:115,(anonymous_8)
FN:140,(anonymous_9)
FN:152,(anonymous_10)
FN:153,(anonymous_11)
FN:158,(anonymous_12)
FN:162,(anonymous_13)
FN:172,(anonymous_14)
FN:179,(anonymous_15)
FN:182,(anonymous_16)
FN:183,(anonymous_17)
FN:194,(anonymous_18)
FN:197,(anonymous_19)
FN:210,(anonymous_20)
FN:237,(anonymous_21)
FN:240,(anonymous_22)
FN:241,(anonymous_23)
FN:244,(anonymous_24)
FN:245,(anonymous_25)
FN:246,(anonymous_26)
FN:247,(anonymous_27)
FN:263,(anonymous_28)
FN:268,(anonymous_29)
FN:273,(anonymous_30)
FN:278,(anonymous_31)
FN:283,(anonymous_32)
FN:289,(anonymous_33)
FNF:34
FNH:16
FNDA:3,(anonymous_0)
FNDA:0,(anonymous_1)
FNDA:0,(anonymous_2)
FNDA:3,(anonymous_3)
FNDA:3,(anonymous_4)
FNDA:4,(anonymous_5)
FNDA:0,(anonymous_6)
FNDA:4,(anonymous_7)
FNDA:6,(anonymous_8)
FNDA:1,(anonymous_9)
FNDA:0,(anonymous_10)
FNDA:0,(anonymous_11)
FNDA:2,(anonymous_12)
FNDA:2,(anonymous_13)
FNDA:2,(anonymous_14)
FNDA:0,(anonymous_15)
FNDA:0,(anonymous_16)
FNDA:0,(anonymous_17)
FNDA:0,(anonymous_18)
FNDA:0,(anonymous_19)
FNDA:3,(anonymous_20)
FNDA:3,(anonymous_21)
FNDA:0,(anonymous_22)
FNDA:0,(anonymous_23)
FNDA:4,(anonymous_24)
FNDA:4,(anonymous_25)
FNDA:4,(anonymous_26)
FNDA:4,(anonymous_27)
FNDA:0,(anonymous_28)
FNDA:0,(anonymous_29)
FNDA:0,(anonymous_30)
FNDA:0,(anonymous_31)
FNDA:0,(anonymous_32)
FNDA:0,(anonymous_33)
DA:65,1
DA:66,3
DA:68,3
DA:70,0
DA:72,0
DA:80,3
DA:81,3
DA:82,3
DA:84,3
DA:85,3
DA:86,3
DA:87,3
DA:90,3
DA:99,1
DA:100,4
DA:101,4
DA:103,4
DA:106,0
DA:110,4
DA:112,4
DA:114,4
DA:116,6
DA:117,6
DA:140,1
DA:141,1
DA:142,1
DA:147,1
DA:149,1
DA:150,2
DA:152,0
DA:154,0
DA:158,2
DA:159,2
DA:160,2
DA:162,2
DA:163,2
DA:164,2
DA:165,2
DA:168,2
DA:172,2
DA:176,1
DA:179,1
DA:180,0
DA:182,0
DA:184,0
DA:194,0
DA:196,0
DA:197,0
DA:210,1
DA:211,3
DA:212,3
DA:214,3
DA:215,3
DA:216,3
DA:219,3
DA:220,3
DA:221,2
DA:222,1
DA:224,3
DA:234,3
DA:237,1
DA:238,3
DA:240,0
DA:241,0
DA:244,4
DA:245,4
DA:246,4
DA:247,4
DA:249,3
DA:261,1
DA:263,0
DA:266,1
DA:268,0
DA:271,1
DA:273,0
DA:276,1
DA:278,0
DA:281,1
DA:284,0
DA:287,1
DA:289,0
LF:81
LH:62
BRDA:80,0,0,3
BRDA:80,0,1,0
BRDA:82,1,0,2
BRDA:82,1,1,1
BRDA:85,2,0,3
BRDA:85,2,1,1
BRDA:86,3,0,3
BRDA:86,3,1,3
BRDA:101,4,0,4
BRDA:101,4,1,2
BRDA:110,5,0,4
BRDA:110,5,1,1
BRDA:110,6,0,4
BRDA:110,6,1,0
BRDA:116,7,0,1
BRDA:116,7,1,5
BRDA:120,8,0,6
BRDA:120,8,1,0
BRDA:123,9,0,6
BRDA:123,9,1,0
BRDA:123,9,2,0
BRDA:124,10,0,6
BRDA:124,10,1,5
BRDA:125,11,0,0
BRDA:125,11,1,6
BRDA:126,12,0,6
BRDA:126,12,1,6
BRDA:127,13,0,6
BRDA:127,13,1,6
BRDA:128,14,0,6
BRDA:128,14,1,6
BRDA:130,15,0,1
BRDA:130,15,1,5
BRDA:133,16,0,6
BRDA:133,16,1,6
BRDA:133,16,2,6
BRDA:134,17,0,0
BRDA:134,17,1,6
BRDA:134,18,0,6
BRDA:134,18,1,6
BRDA:158,19,0,2
BRDA:158,19,1,0
BRDA:160,20,0,2
BRDA:160,20,1,0
BRDA:163,21,0,2
BRDA:163,21,1,0
BRDA:164,22,0,2
BRDA:164,22,1,2
BRDA:164,23,0,2
BRDA:164,23,1,0
BRDA:194,24,0,0
BRDA:194,24,1,0
BRDA:194,24,2,0
BRDA:200,25,0,0
BRDA:200,25,1,0
BRDA:203,26,0,0
BRDA:203,26,1,0
BRDA:203,26,2,0
BRDA:204,27,0,0
BRDA:204,27,1,0
BRDA:204,27,2,0
BRDA:212,28,0,0
BRDA:212,28,1,3
BRDA:214,29,0,3
BRDA:214,29,1,0
BRDA:214,29,2,0
BRDA:219,30,0,0
BRDA:219,30,1,3
BRDA:220,31,0,1
BRDA:220,31,1,2
BRDA:221,32,0,1
BRDA:221,32,1,1
BRDA:221,33,0,2
BRDA:221,33,1,2
BRDA:244,34,0,4
BRDA:244,34,1,1
BRDA:245,35,0,4
BRDA:245,35,1,1
BRDA:246,36,0,4
BRDA:246,36,1,3
BRDA:247,37,0,4
BRDA:247,37,1,2
BRF:82
BRH:56
end_of_record
TN:
SF:convex\functions\users\UserManagement\getUserById.ts
FN:7,(anonymous_0)
FN:50,(anonymous_1)
FN:56,(anonymous_2)
FN:94,(anonymous_3)
FN:110,(anonymous_4)
FN:119,(anonymous_5)
FNF:6
FNH:3
FNDA:2,(anonymous_0)
FNDA:2,(anonymous_1)
FNDA:0,(anonymous_2)
FNDA:2,(anonymous_3)
FNDA:0,(anonymous_4)
FNDA:0,(anonymous_5)
DA:7,1
DA:12,2
DA:14,2
DA:15,1
DA:19,1
DA:44,1
DA:50,1
DA:54,2
DA:56,0
DA:59,2
DA:60,1
DA:64,1
DA:88,1
DA:94,1
DA:99,2
DA:101,2
DA:102,1
DA:106,1
DA:107,1
DA:108,0
DA:110,0
DA:115,1
DA:116,1
DA:117,0
DA:119,0
DA:124,1
DA:152,1
LF:27
LH:22
BRDA:14,0,0,1
BRDA:14,0,1,1
BRDA:59,1,0,1
BRDA:59,1,1,1
BRDA:101,2,0,1
BRDA:101,2,1,1
BRDA:107,3,0,0
BRDA:107,3,1,1
BRDA:107,4,0,1
BRDA:107,4,1,1
BRDA:116,5,0,0
BRDA:116,5,1,1
BRDA:116,6,0,1
BRDA:116,6,1,1
BRF:14
BRH:12
end_of_record
TN:
SF:convex\functions\users\UserManagement\signUpWithSMS.ts
FN:5,hashPassword
FN:31,(anonymous_1)
FN:34,(anonymous_2)
FN:40,(anonymous_3)
FN:58,(anonymous_4)
FNF:5
FNH:4
FNDA:7,hashPassword
FNDA:112,(anonymous_1)
FNDA:448,(anonymous_2)
FNDA:9,(anonymous_3)
FNDA:0,(anonymous_4)
DA:6,7
DA:7,7
DA:9,7
DA:11,7
DA:19,7
DA:30,7
DA:31,112
DA:33,7
DA:34,448
DA:37,7
DA:40,2
DA:52,9
DA:54,9
DA:56,9
DA:58,0
DA:60,9
DA:61,2
DA:62,2
DA:65,7
DA:67,7
DA:69,7
DA:71,7
DA:87,3
DA:88,2
DA:98,3
DA:99,1
DA:113,3
DA:117,3
DA:125,3
DA:126,3
DA:127,3
DA:129,4
DA:130,4
DA:135,2
LF:34
LH:33
BRDA:60,0,0,2
BRDA:60,0,1,7
BRDA:67,1,0,0
BRDA:67,1,1,7
BRDA:75,2,0,7
BRDA:75,2,1,7
BRDA:76,3,0,7
BRDA:76,3,1,7
BRDA:87,4,0,2
BRDA:87,4,1,1
BRDA:87,5,0,3
BRDA:87,5,1,1
BRDA:98,6,0,1
BRDA:98,6,1,2
BRDA:98,7,0,3
BRDA:98,7,1,2
BRDA:113,8,0,1
BRDA:113,8,1,2
BRDA:113,9,0,3
BRDA:113,9,1,2
BRF:20
BRH:19
end_of_record
TN:
SF:convex\functions\users\UserManagement\switchActiveRole.ts
FN:6,(anonymous_0)
FN:15,(anonymous_1)
FN:35,(anonymous_2)
FN:36,(anonymous_3)
FN:51,(anonymous_4)
FN:52,(anonymous_5)
FN:77,(anonymous_6)
FNF:7
FNH:1
FNDA:7,(anonymous_0)
FNDA:0,(anonymous_1)
FNDA:0,(anonymous_2)
FNDA:0,(anonymous_3)
FNDA:0,(anonymous_4)
FNDA:0,(anonymous_5)
FNDA:0,(anonymous_6)
DA:6,1
DA:13,7
DA:15,0
DA:18,7
DA:19,1
DA:22,6
DA:23,1
DA:26,5
DA:27,1
DA:31,4
DA:33,2
DA:35,0
DA:37,0
DA:44,2
DA:45,1
DA:49,2
DA:51,0
DA:53,0
DA:61,2
DA:62,1
DA:67,2
DA:74,2
DA:75,1
DA:77,0
DA:79,1
DA:80,1
DA:90,2
DA:97,1
LF:28
LH:22
BRDA:18,0,0,1
BRDA:18,0,1,6
BRDA:22,1,0,1
BRDA:22,1,1,5
BRDA:26,2,0,1
BRDA:26,2,1,4
BRDA:31,3,0,2
BRDA:31,3,1,2
BRDA:44,4,0,1
BRDA:44,4,1,1
BRDA:61,5,0,1
BRDA:61,5,1,1
BRDA:74,6,0,1
BRDA:74,6,1,1
BRDA:79,7,0,1
BRDA:79,7,1,0
BRF:16
BRH:15
end_of_record
TN:
SF:convex\functions\users\UserManagement\switchBothtoDriver.ts
FN:6,(anonymous_0)
FN:12,(anonymous_1)
FN:26,(anonymous_2)
FN:27,(anonymous_3)
FNF:4
FNH:1
FNDA:2,(anonymous_0)
FNDA:0,(anonymous_1)
FNDA:0,(anonymous_2)
FNDA:0,(anonymous_3)
DA:6,1
DA:10,2
DA:12,0
DA:15,2
DA:16,1
DA:19,1
DA:20,1
DA:24,0
DA:26,0
DA:28,0
DA:36,0
DA:37,0
DA:41,0
DA:48,0
DA:51,1
LF:15
LH:7
BRDA:15,0,0,1
BRDA:15,0,1,1
BRDA:19,1,0,1
BRDA:19,1,1,0
BRDA:36,2,0,0
BRDA:36,2,1,0
BRF:6
BRH:3
end_of_record
TN:
SF:convex\functions\users\UserManagement\switchBothtoPassenger.ts
FN:6,(anonymous_0)
FN:12,(anonymous_1)
FN:26,(anonymous_2)
FN:27,(anonymous_3)
FNF:4
FNH:1
FNDA:4,(anonymous_0)
FNDA:0,(anonymous_1)
FNDA:0,(anonymous_2)
FNDA:0,(anonymous_3)
DA:6,1
DA:10,4
DA:12,0
DA:15,4
DA:16,1
DA:19,3
DA:20,1
DA:24,2
DA:26,0
DA:28,0
DA:35,2
DA:36,1
DA:40,1
DA:47,1
DA:50,1
LF:15
LH:12
BRDA:15,0,0,1
BRDA:15,0,1,3
BRDA:19,1,0,1
BRDA:19,1,1,2
BRDA:35,2,0,1
BRDA:35,2,1,1
BRF:6
BRH:6
end_of_record
TN:
SF:convex\functions\users\UserManagement\switchDrivertoBoth.ts
FN:6,(anonymous_0)
FN:12,(anonymous_1)
FN:34,(anonymous_2)
FNF:3
FNH:1
FNDA:4,(anonymous_0)
FNDA:0,(anonymous_1)
FNDA:0,(anonymous_2)
DA:6,1
DA:10,4
DA:12,0
DA:15,4
DA:16,1
DA:19,3
DA:20,1
DA:24,2
DA:32,2
DA:34,0
DA:37,2
DA:38,1
DA:49,2
DA:52,1
LF:14
LH:12
BRDA:15,0,0,1
BRDA:15,0,1,3
BRDA:19,1,0,1
BRDA:19,1,1,2
BRDA:37,2,0,1
BRDA:37,2,1,1
BRF:6
BRH:6
end_of_record
TN:
SF:convex\functions\users\UserManagement\switchPassengertoBoth.ts
FN:6,(anonymous_0)
FN:13,(anonymous_1)
FN:35,(anonymous_2)
FN:55,(anonymous_3)
FNF:4
FNH:1
FNDA:4,(anonymous_0)
FNDA:0,(anonymous_1)
FNDA:0,(anonymous_2)
FNDA:0,(anonymous_3)
DA:6,1
DA:11,4
DA:13,0
DA:16,4
DA:17,1
DA:20,3
DA:21,1
DA:25,2
DA:33,2
DA:35,0
DA:38,2
DA:39,1
DA:53,2
DA:55,0
DA:57,2
DA:58,1
DA:67,2
DA:70,1
LF:18
LH:15
BRDA:16,0,0,1
BRDA:16,0,1,3
BRDA:20,1,0,1
BRDA:20,1,1,2
BRDA:38,2,0,1
BRDA:38,2,1,1
BRDA:57,3,0,1
BRDA:57,3,1,1
BRF:8
BRH:8
end_of_record
TN:
SF:convex\functions\users\UserManagement\updateHomeAddress.ts
FN:6,updateHomeAddressHandler
FNF:1
FNH:1
FNDA:12,updateHomeAddressHandler
DA:21,12
DA:22,12
DA:23,1
DA:27,11
DA:33,11
DA:36,11
DA:37,11
DA:46,1
LF:8
LH:8
BRDA:22,0,0,1
BRDA:22,0,1,11
BRF:2
BRH:2
end_of_record
TN:
SF:convex\functions\users\UserManagement\updateUserProfile.ts
FN:6,updateUserProfileHandler
FN:31,(anonymous_1)
FN:43,(anonymous_2)
FNF:3
FNH:3
FNDA:5,updateUserProfileHandler
FNDA:3,(anonymous_1)
FNDA:2,(anonymous_2)
DA:22,5
DA:23,5
DA:24,1
DA:28,4
DA:29,3
DA:31,3
DA:34,3
DA:35,0
DA:40,4
DA:41,2
DA:43,2
DA:46,2
DA:47,0
DA:52,4
DA:59,4
DA:60,1
DA:63,4
DA:64,1
DA:67,4
DA:68,3
DA:72,4
DA:75,4
DA:76,4
DA:87,1
LF:24
LH:22
BRDA:23,0,0,1
BRDA:23,0,1,4
BRDA:28,1,0,3
BRDA:28,1,1,1
BRDA:34,2,0,0
BRDA:34,2,1,3
BRDA:34,3,0,3
BRDA:34,3,1,0
BRDA:40,4,0,2
BRDA:40,4,1,2
BRDA:40,5,0,4
BRDA:40,5,1,3
BRDA:46,6,0,0
BRDA:46,6,1,2
BRDA:46,7,0,2
BRDA:46,7,1,0
BRDA:59,8,0,1
BRDA:59,8,1,3
BRDA:63,9,0,1
BRDA:63,9,1,3
BRDA:67,10,0,3
BRDA:67,10,1,1
BRF:22
BRH:18
end_of_record
TN:
SF:convex\functions\users\UserManagement\updateWorkAddress.ts
FN:6,updateWorkAddressHandler
FNF:1
FNH:1
FNDA:10,updateWorkAddressHandler
DA:21,10
DA:22,10
DA:23,1
DA:27,9
DA:33,9
DA:36,9
DA:37,9
DA:46,1
LF:8
LH:8
BRDA:22,0,0,1
BRDA:22,0,1,9
BRF:2
BRH:2
end_of_record
TN:
SF:convex\functions\work_sessions\endWorkSessionHandler.ts
FN:1,(anonymous_0)
FN:4,(anonymous_1)
FNF:2
FNH:2
FNDA:4,(anonymous_0)
FNDA:1,(anonymous_1)
DA:1,1
DA:2,4
DA:4,1
DA:8,4
DA:9,2
DA:11,2
DA:12,2
LF:7
LH:7
BRDA:8,0,0,2
BRDA:8,0,1,2
BRDA:8,1,0,4
BRDA:8,1,1,3
BRF:4
BRH:4
end_of_record
TN:
SF:convex\functions\work_sessions\startWorkSessionHandler.ts
FN:4,(anonymous_0)
FN:8,(anonymous_1)
FNF:2
FNH:1
FNDA:2,(anonymous_0)
FNDA:0,(anonymous_1)
DA:4,1
DA:6,2
DA:8,0
DA:15,2
DA:16,2
DA:17,2
DA:23,2
DA:28,2
LF:8
LH:7
BRF:0
BRH:0
end_of_record
TN:
SF:tests\mocks\convex-server.ts
FN:32,(anonymous_0)
FN:34,(anonymous_1)
FN:35,(anonymous_2)
FN:36,(anonymous_3)
FN:37,(anonymous_4)
FN:38,(anonymous_5)
FN:40,(anonymous_6)
FN:41,(anonymous_7)
FN:42,(anonymous_8)
FN:43,(anonymous_9)
FN:52,(anonymous_10)
FN:56,(anonymous_11)
FN:66,(anonymous_12)
FN:70,(anonymous_13)
FN:74,(anonymous_14)
FN:78,(anonymous_15)
FNF:16
FNH:2
FNDA:16,(anonymous_0)
FNDA:0,(anonymous_1)
FNDA:0,(anonymous_2)
FNDA:0,(anonymous_3)
FNDA:0,(anonymous_4)
FNDA:0,(anonymous_5)
FNDA:0,(anonymous_6)
FNDA:0,(anonymous_7)
FNDA:0,(anonymous_8)
FNDA:0,(anonymous_9)
FNDA:0,(anonymous_10)
FNDA:45,(anonymous_11)
FNDA:0,(anonymous_12)
FNDA:0,(anonymous_13)
FNDA:0,(anonymous_14)
FNDA:0,(anonymous_15)
DA:32,16
DA:34,0
DA:35,0
DA:36,0
DA:37,0
DA:38,0
DA:40,0
DA:41,0
DA:42,0
DA:43,0
DA:52,6
DA:56,45
DA:66,6
DA:70,6
DA:74,6
DA:78,6
LF:16
LH:7
BRF:0
BRH:0
end_of_record
